{"/home/ubuntu/spread-edge/back/src/auth.js": {"path":"/home/ubuntu/spread-edge/back/src/auth.js","statementMap":{"0":{"start":{"line":1,"column":15},"end":{"line":1,"column":34}},"1":{"start":{"line":2,"column":12},"end":{"line":2,"column":35}},"2":{"start":{"line":3,"column":33},"end":{"line":3,"column":54}},"3":{"start":{"line":4,"column":15},"end":{"line":4,"column":33}},"4":{"start":{"line":6,"column":19},"end":{"line":6,"column":30}},"5":{"start":{"line":10,"column":19},"end":{"line":10,"column":53}},"6":{"start":{"line":11,"column":21},"end":{"line":13,"column":6}},"7":{"start":{"line":12,"column":6},"end":{"line":12,"column":38}},"8":{"start":{"line":14,"column":4},"end":{"line":16,"column":5}},"9":{"start":{"line":15,"column":6},"end":{"line":15,"column":44}},"10":{"start":{"line":17,"column":4},"end":{"line":17,"column":17}},"11":{"start":{"line":20,"column":17},"end":{"line":20,"column":48}},"12":{"start":{"line":21,"column":19},"end":{"line":24,"column":5}},"13":{"start":{"line":25,"column":4},"end":{"line":25,"column":37}},"14":{"start":{"line":28,"column":17},"end":{"line":30,"column":6}},"15":{"start":{"line":29,"column":6},"end":{"line":29,"column":39}},"16":{"start":{"line":31,"column":25},"end":{"line":31,"column":65}},"17":{"start":{"line":32,"column":4},"end":{"line":50,"column":5}},"18":{"start":{"line":33,"column":20},"end":{"line":33,"column":65}},"19":{"start":{"line":34,"column":6},"end":{"line":47,"column":7}},"20":{"start":{"line":35,"column":8},"end":{"line":35,"column":37}},"21":{"start":{"line":37,"column":22},"end":{"line":42,"column":9}},"22":{"start":{"line":43,"column":8},"end":{"line":46,"column":9}},"23":{"start":{"line":49,"column":6},"end":{"line":49,"column":35}},"24":{"start":{"line":53,"column":19},"end":{"line":53,"column":29}},"25":{"start":{"line":54,"column":25},"end":{"line":54,"column":51}},"26":{"start":{"line":55,"column":26},"end":{"line":57,"column":48}},"27":{"start":{"line":58,"column":4},"end":{"line":68,"column":5}},"28":{"start":{"line":59,"column":20},"end":{"line":59,"column":56}},"29":{"start":{"line":60,"column":25},"end":{"line":60,"column":56}},"30":{"start":{"line":61,"column":6},"end":{"line":65,"column":7}},"31":{"start":{"line":62,"column":8},"end":{"line":62,"column":31}},"32":{"start":{"line":64,"column":8},"end":{"line":64,"column":37}},"33":{"start":{"line":67,"column":6},"end":{"line":67,"column":35}},"34":{"start":{"line":71,"column":17},"end":{"line":71,"column":55}},"35":{"start":{"line":72,"column":4},"end":{"line":82,"column":5}},"36":{"start":{"line":73,"column":20},"end":{"line":73,"column":68}},"37":{"start":{"line":74,"column":6},"end":{"line":79,"column":7}},"38":{"start":{"line":75,"column":8},"end":{"line":75,"column":48}},"39":{"start":{"line":77,"column":8},"end":{"line":77,"column":43}},"40":{"start":{"line":78,"column":8},"end":{"line":78,"column":19}},"41":{"start":{"line":81,"column":6},"end":{"line":81,"column":76}},"42":{"start":{"line":85,"column":19},"end":{"line":85,"column":37}},"43":{"start":{"line":86,"column":4},"end":{"line":86,"column":36}},"44":{"start":{"line":87,"column":4},"end":{"line":87,"column":36}},"45":{"start":{"line":90,"column":4},"end":{"line":90,"column":20}},"46":{"start":{"line":91,"column":4},"end":{"line":91,"column":25}},"47":{"start":{"line":94,"column":4},"end":{"line":100,"column":8}},"48":{"start":{"line":96,"column":8},"end":{"line":96,"column":33}},"49":{"start":{"line":99,"column":8},"end":{"line":99,"column":19}},"50":{"start":{"line":103,"column":4},"end":{"line":103,"column":20}},"51":{"start":{"line":104,"column":4},"end":{"line":104,"column":25}},"52":{"start":{"line":107,"column":21},"end":{"line":107,"column":52}},"53":{"start":{"line":108,"column":4},"end":{"line":114,"column":8}},"54":{"start":{"line":110,"column":8},"end":{"line":110,"column":33}},"55":{"start":{"line":113,"column":8},"end":{"line":113,"column":19}},"56":{"start":{"line":117,"column":0},"end":{"line":117,"column":19}},"57":{"start":{"line":118,"column":0},"end":{"line":118,"column":19}},"58":{"start":{"line":119,"column":0},"end":{"line":119,"column":24}},"59":{"start":{"line":121,"column":0},"end":{"line":123,"column":1}}},"fnMap":{"0":{"name":"(anonymous_0)","decl":{"start":{"line":9,"column":2},"end":{"line":9,"column":3}},"loc":{"start":{"line":9,"column":38},"end":{"line":18,"column":3}},"line":9},"1":{"name":"(anonymous_1)","decl":{"start":{"line":11,"column":41},"end":{"line":11,"column":42}},"loc":{"start":{"line":11,"column":51},"end":{"line":13,"column":5}},"line":11},"2":{"name":"(anonymous_2)","decl":{"start":{"line":19,"column":2},"end":{"line":19,"column":3}},"loc":{"start":{"line":19,"column":42},"end":{"line":26,"column":3}},"line":19},"3":{"name":"(anonymous_3)","decl":{"start":{"line":27,"column":2},"end":{"line":27,"column":3}},"loc":{"start":{"line":27,"column":41},"end":{"line":51,"column":3}},"line":27},"4":{"name":"(anonymous_4)","decl":{"start":{"line":28,"column":37},"end":{"line":28,"column":38}},"loc":{"start":{"line":28,"column":47},"end":{"line":30,"column":5}},"line":28},"5":{"name":"(anonymous_5)","decl":{"start":{"line":52,"column":2},"end":{"line":52,"column":3}},"loc":{"start":{"line":52,"column":43},"end":{"line":69,"column":3}},"line":52},"6":{"name":"(anonymous_6)","decl":{"start":{"line":70,"column":2},"end":{"line":70,"column":3}},"loc":{"start":{"line":70,"column":65},"end":{"line":83,"column":3}},"line":70},"7":{"name":"(anonymous_7)","decl":{"start":{"line":84,"column":2},"end":{"line":84,"column":3}},"loc":{"start":{"line":84,"column":15},"end":{"line":88,"column":3}},"line":84},"8":{"name":"(anonymous_8)","decl":{"start":{"line":89,"column":2},"end":{"line":89,"column":3}},"loc":{"start":{"line":89,"column":17},"end":{"line":92,"column":3}},"line":89},"9":{"name":"(anonymous_9)","decl":{"start":{"line":93,"column":2},"end":{"line":93,"column":3}},"loc":{"start":{"line":93,"column":24},"end":{"line":101,"column":3}},"line":93},"10":{"name":"(anonymous_10)","decl":{"start":{"line":95,"column":12},"end":{"line":95,"column":13}},"loc":{"start":{"line":95,"column":24},"end":{"line":97,"column":7}},"line":95},"11":{"name":"(anonymous_11)","decl":{"start":{"line":98,"column":13},"end":{"line":98,"column":14}},"loc":{"start":{"line":98,"column":24},"end":{"line":100,"column":7}},"line":98},"12":{"name":"(anonymous_12)","decl":{"start":{"line":102,"column":2},"end":{"line":102,"column":3}},"loc":{"start":{"line":102,"column":17},"end":{"line":105,"column":3}},"line":102},"13":{"name":"(anonymous_13)","decl":{"start":{"line":106,"column":2},"end":{"line":106,"column":3}},"loc":{"start":{"line":106,"column":30},"end":{"line":115,"column":3}},"line":106},"14":{"name":"(anonymous_14)","decl":{"start":{"line":109,"column":12},"end":{"line":109,"column":13}},"loc":{"start":{"line":109,"column":24},"end":{"line":111,"column":7}},"line":109},"15":{"name":"(anonymous_15)","decl":{"start":{"line":112,"column":13},"end":{"line":112,"column":14}},"loc":{"start":{"line":112,"column":24},"end":{"line":114,"column":7}},"line":112}},"branchMap":{"0":{"loc":{"start":{"line":14,"column":4},"end":{"line":16,"column":5}},"type":"if","locations":[{"start":{"line":14,"column":4},"end":{"line":16,"column":5}},{"start":{"line":14,"column":4},"end":{"line":16,"column":5}}],"line":14},"1":{"loc":{"start":{"line":32,"column":4},"end":{"line":50,"column":5}},"type":"if","locations":[{"start":{"line":32,"column":4},"end":{"line":50,"column":5}},{"start":{"line":32,"column":4},"end":{"line":50,"column":5}}],"line":32},"2":{"loc":{"start":{"line":34,"column":6},"end":{"line":47,"column":7}},"type":"if","locations":[{"start":{"line":34,"column":6},"end":{"line":47,"column":7}},{"start":{"line":34,"column":6},"end":{"line":47,"column":7}}],"line":34},"3":{"loc":{"start":{"line":55,"column":26},"end":{"line":57,"column":48}},"type":"cond-expr","locations":[{"start":{"line":56,"column":8},"end":{"line":56,"column":45}},{"start":{"line":57,"column":8},"end":{"line":57,"column":48}}],"line":55},"4":{"loc":{"start":{"line":58,"column":4},"end":{"line":68,"column":5}},"type":"if","locations":[{"start":{"line":58,"column":4},"end":{"line":68,"column":5}},{"start":{"line":58,"column":4},"end":{"line":68,"column":5}}],"line":58},"5":{"loc":{"start":{"line":61,"column":6},"end":{"line":65,"column":7}},"type":"if","locations":[{"start":{"line":61,"column":6},"end":{"line":65,"column":7}},{"start":{"line":61,"column":6},"end":{"line":65,"column":7}}],"line":61},"6":{"loc":{"start":{"line":72,"column":4},"end":{"line":82,"column":5}},"type":"if","locations":[{"start":{"line":72,"column":4},"end":{"line":82,"column":5}},{"start":{"line":72,"column":4},"end":{"line":82,"column":5}}],"line":72},"7":{"loc":{"start":{"line":74,"column":6},"end":{"line":79,"column":7}},"type":"if","locations":[{"start":{"line":74,"column":6},"end":{"line":79,"column":7}},{"start":{"line":74,"column":6},"end":{"line":79,"column":7}}],"line":74}},"s":{"0":4,"1":4,"2":4,"3":4,"4":4,"5":6,"6":6,"7":2,"8":6,"9":4,"10":6,"11":5,"12":5,"13":5,"14":8,"15":9,"16":8,"17":8,"18":6,"19":6,"20":2,"21":4,"22":4,"23":2,"24":31,"25":31,"26":31,"27":31,"28":27,"29":27,"30":27,"31":27,"32":0,"33":4,"34":1,"35":1,"36":1,"37":1,"38":0,"39":1,"40":1,"41":0,"42":10,"43":10,"44":10,"45":21,"46":21,"47":2,"48":2,"49":0,"50":15,"51":15,"52":3,"53":3,"54":3,"55":0,"56":4,"57":4,"58":4,"59":4},"f":{"0":6,"1":2,"2":5,"3":8,"4":9,"5":31,"6":1,"7":10,"8":21,"9":2,"10":2,"11":0,"12":15,"13":3,"14":3,"15":0},"b":{"0":[4,2],"1":[6,2],"2":[2,4],"3":[31,0],"4":[27,4],"5":[27,0],"6":[1,0],"7":[0,1]},"_coverageSchema":"43e27e138ebf9cfc5966b082cf9a028302ed4184","hash":"04be6e0cc19131b9d16f9e7a4180db924ce6bb20"}
,"/home/ubuntu/spread-edge/back/src/index.js": {"path":"/home/ubuntu/spread-edge/back/src/index.js","statementMap":{"0":{"start":{"line":1,"column":16},"end":{"line":1,"column":44}},"1":{"start":{"line":2,"column":34},"end":{"line":2,"column":57}},"2":{"start":{"line":3,"column":18},"end":{"line":3,"column":40}},"3":{"start":{"line":4,"column":50},"end":{"line":4,"column":72}},"4":{"start":{"line":7,"column":11},"end":{"line":12,"column":2}},"5":{"start":{"line":8,"column":2},"end":{"line":10,"column":3}},"6":{"start":{"line":9,"column":4},"end":{"line":9,"column":15}},"7":{"start":{"line":11,"column":2},"end":{"line":11,"column":37}},"8":{"start":{"line":13,"column":15},"end":{"line":13,"column":27}},"9":{"start":{"line":14,"column":15},"end":{"line":27,"column":2}},"10":{"start":{"line":17,"column":21},"end":{"line":26,"column":3}},"11":{"start":{"line":29,"column":0},"end":{"line":67,"column":4}},"12":{"start":{"line":31,"column":20},"end":{"line":31,"column":36}},"13":{"start":{"line":32,"column":4},"end":{"line":32,"column":52}},"14":{"start":{"line":34,"column":4},"end":{"line":34,"column":53}},"15":{"start":{"line":35,"column":4},"end":{"line":35,"column":52}},"16":{"start":{"line":36,"column":4},"end":{"line":36,"column":55}},"17":{"start":{"line":37,"column":4},"end":{"line":37,"column":56}},"18":{"start":{"line":38,"column":4},"end":{"line":40,"column":6}},"19":{"start":{"line":39,"column":6},"end":{"line":39,"column":17}},"20":{"start":{"line":41,"column":4},"end":{"line":41,"column":41}},"21":{"start":{"line":42,"column":4},"end":{"line":42,"column":38}},"22":{"start":{"line":53,"column":4},"end":{"line":66,"column":6}},"23":{"start":{"line":54,"column":6},"end":{"line":54,"column":61}},"24":{"start":{"line":55,"column":6},"end":{"line":57,"column":8}},"25":{"start":{"line":56,"column":8},"end":{"line":56,"column":27}},"26":{"start":{"line":58,"column":6},"end":{"line":60,"column":8}},"27":{"start":{"line":59,"column":8},"end":{"line":59,"column":36}},"28":{"start":{"line":61,"column":6},"end":{"line":63,"column":8}},"29":{"start":{"line":62,"column":8},"end":{"line":62,"column":36}},"30":{"start":{"line":64,"column":6},"end":{"line":64,"column":16}},"31":{"start":{"line":65,"column":6},"end":{"line":65,"column":20}}},"fnMap":{"0":{"name":"(anonymous_0)","decl":{"start":{"line":7,"column":68},"end":{"line":7,"column":69}},"loc":{"start":{"line":7,"column":79},"end":{"line":12,"column":1}},"line":7},"1":{"name":"(anonymous_1)","decl":{"start":{"line":17,"column":11},"end":{"line":17,"column":12}},"loc":{"start":{"line":17,"column":21},"end":{"line":26,"column":3}},"line":17},"2":{"name":"(anonymous_2)","decl":{"start":{"line":30,"column":9},"end":{"line":30,"column":10}},"loc":{"start":{"line":30,"column":21},"end":{"line":51,"column":3}},"line":30},"3":{"name":"(anonymous_3)","decl":{"start":{"line":38,"column":53},"end":{"line":38,"column":54}},"loc":{"start":{"line":38,"column":64},"end":{"line":40,"column":5}},"line":38},"4":{"name":"(anonymous_4)","decl":{"start":{"line":52,"column":8},"end":{"line":52,"column":9}},"loc":{"start":{"line":52,"column":20},"end":{"line":67,"column":3}},"line":52},"5":{"name":"(anonymous_5)","decl":{"start":{"line":53,"column":25},"end":{"line":53,"column":26}},"loc":{"start":{"line":53,"column":31},"end":{"line":66,"column":5}},"line":53},"6":{"name":"(anonymous_6)","decl":{"start":{"line":55,"column":34},"end":{"line":55,"column":35}},"loc":{"start":{"line":55,"column":48},"end":{"line":57,"column":7}},"line":55},"7":{"name":"(anonymous_7)","decl":{"start":{"line":58,"column":31},"end":{"line":58,"column":32}},"loc":{"start":{"line":58,"column":45},"end":{"line":60,"column":7}},"line":58},"8":{"name":"(anonymous_8)","decl":{"start":{"line":61,"column":32},"end":{"line":61,"column":33}},"loc":{"start":{"line":61,"column":46},"end":{"line":63,"column":7}},"line":61}},"branchMap":{"0":{"loc":{"start":{"line":8,"column":2},"end":{"line":10,"column":3}},"type":"if","locations":[{"start":{"line":8,"column":2},"end":{"line":10,"column":3}},{"start":{"line":8,"column":2},"end":{"line":10,"column":3}}],"line":8}},"s":{"0":0,"1":0,"2":0,"3":0,"4":0,"5":0,"6":0,"7":0,"8":0,"9":0,"10":0,"11":0,"12":0,"13":0,"14":0,"15":0,"16":0,"17":0,"18":0,"19":0,"20":0,"21":0,"22":0,"23":0,"24":0,"25":0,"26":0,"27":0,"28":0,"29":0,"30":0,"31":0},"f":{"0":0,"1":0,"2":0,"3":0,"4":0,"5":0,"6":0,"7":0,"8":0},"b":{"0":[0,0]},"hash":"a38a5538c3a9c0c8316a5a36efe8bba855ef0cba"}
,"/home/ubuntu/spread-edge/back/src/relations.js": {"path":"/home/ubuntu/spread-edge/back/src/relations.js","statementMap":{"0":{"start":{"line":1,"column":27},"end":{"line":1,"column":43}},"1":{"start":{"line":8,"column":4},"end":{"line":8,"column":23}},"2":{"start":{"line":9,"column":38},"end":{"line":9,"column":58}},"3":{"start":{"line":10,"column":17},"end":{"line":10,"column":34}},"4":{"start":{"line":16,"column":0},"end":{"line":31,"column":2}},"5":{"start":{"line":19,"column":6},"end":{"line":19,"column":22}},"6":{"start":{"line":20,"column":6},"end":{"line":22,"column":8}},"7":{"start":{"line":21,"column":8},"end":{"line":21,"column":48}},"8":{"start":{"line":27,"column":6},"end":{"line":27,"column":22}},"9":{"start":{"line":28,"column":6},"end":{"line":28,"column":43}},"10":{"start":{"line":33,"column":0},"end":{"line":40,"column":1}},"11":{"start":{"line":34,"column":20},"end":{"line":34,"column":42}},"12":{"start":{"line":35,"column":2},"end":{"line":39,"column":3}},"13":{"start":{"line":36,"column":4},"end":{"line":36,"column":30}},"14":{"start":{"line":38,"column":4},"end":{"line":38,"column":56}},"15":{"start":{"line":42,"column":0},"end":{"line":70,"column":2}},"16":{"start":{"line":45,"column":6},"end":{"line":45,"column":22}},"17":{"start":{"line":46,"column":6},"end":{"line":46,"column":48}},"18":{"start":{"line":51,"column":6},"end":{"line":51,"column":22}},"19":{"start":{"line":52,"column":19},"end":{"line":52,"column":23}},"20":{"start":{"line":53,"column":6},"end":{"line":55,"column":8}},"21":{"start":{"line":54,"column":8},"end":{"line":54,"column":42}},"22":{"start":{"line":56,"column":6},"end":{"line":60,"column":7}},"23":{"start":{"line":57,"column":8},"end":{"line":59,"column":10}},"24":{"start":{"line":58,"column":10},"end":{"line":58,"column":44}},"25":{"start":{"line":61,"column":6},"end":{"line":61,"column":19}},"26":{"start":{"line":66,"column":6},"end":{"line":66,"column":22}},"27":{"start":{"line":67,"column":6},"end":{"line":67,"column":43}},"28":{"start":{"line":76,"column":0},"end":{"line":99,"column":2}},"29":{"start":{"line":79,"column":6},"end":{"line":79,"column":22}},"30":{"start":{"line":80,"column":6},"end":{"line":84,"column":7}},"31":{"start":{"line":81,"column":8},"end":{"line":83,"column":10}},"32":{"start":{"line":82,"column":10},"end":{"line":82,"column":46}},"33":{"start":{"line":85,"column":6},"end":{"line":89,"column":7}},"34":{"start":{"line":86,"column":8},"end":{"line":88,"column":10}},"35":{"start":{"line":87,"column":10},"end":{"line":87,"column":46}},"36":{"start":{"line":90,"column":6},"end":{"line":90,"column":17}},"37":{"start":{"line":95,"column":6},"end":{"line":95,"column":22}},"38":{"start":{"line":96,"column":6},"end":{"line":96,"column":43}},"39":{"start":{"line":102,"column":0},"end":{"line":122,"column":1}},"40":{"start":{"line":112,"column":17},"end":{"line":112,"column":76}},"41":{"start":{"line":113,"column":17},"end":{"line":120,"column":3}},"42":{"start":{"line":121,"column":2},"end":{"line":121,"column":34}},"43":{"start":{"line":124,"column":0},"end":{"line":139,"column":2}},"44":{"start":{"line":127,"column":6},"end":{"line":127,"column":22}},"45":{"start":{"line":128,"column":6},"end":{"line":128,"column":42}},"46":{"start":{"line":133,"column":6},"end":{"line":133,"column":22}},"47":{"start":{"line":134,"column":6},"end":{"line":136,"column":8}},"48":{"start":{"line":135,"column":8},"end":{"line":135,"column":45}},"49":{"start":{"line":141,"column":0},"end":{"line":154,"column":2}},"50":{"start":{"line":144,"column":6},"end":{"line":144,"column":22}},"51":{"start":{"line":145,"column":6},"end":{"line":145,"column":42}},"52":{"start":{"line":150,"column":6},"end":{"line":150,"column":22}},"53":{"start":{"line":151,"column":6},"end":{"line":151,"column":36}},"54":{"start":{"line":157,"column":0},"end":{"line":165,"column":1}},"55":{"start":{"line":158,"column":17},"end":{"line":158,"column":80}},"56":{"start":{"line":159,"column":17},"end":{"line":163,"column":3}},"57":{"start":{"line":164,"column":2},"end":{"line":164,"column":34}},"58":{"start":{"line":167,"column":0},"end":{"line":174,"column":2}},"59":{"start":{"line":170,"column":6},"end":{"line":170,"column":22}},"60":{"start":{"line":171,"column":6},"end":{"line":171,"column":42}},"61":{"start":{"line":176,"column":0},"end":{"line":189,"column":2}},"62":{"start":{"line":179,"column":6},"end":{"line":179,"column":22}},"63":{"start":{"line":180,"column":6},"end":{"line":180,"column":50}},"64":{"start":{"line":185,"column":6},"end":{"line":185,"column":22}},"65":{"start":{"line":186,"column":6},"end":{"line":186,"column":36}},"66":{"start":{"line":195,"column":0},"end":{"line":213,"column":2}},"67":{"start":{"line":198,"column":6},"end":{"line":198,"column":22}},"68":{"start":{"line":199,"column":6},"end":{"line":203,"column":7}},"69":{"start":{"line":200,"column":8},"end":{"line":202,"column":10}},"70":{"start":{"line":201,"column":10},"end":{"line":201,"column":47}},"71":{"start":{"line":204,"column":6},"end":{"line":204,"column":17}},"72":{"start":{"line":209,"column":6},"end":{"line":209,"column":22}},"73":{"start":{"line":210,"column":6},"end":{"line":210,"column":43}},"74":{"start":{"line":215,"column":0},"end":{"line":244,"column":1}},"75":{"start":{"line":228,"column":18},"end":{"line":228,"column":76}},"76":{"start":{"line":229,"column":17},"end":{"line":238,"column":3}},"77":{"start":{"line":239,"column":15},"end":{"line":239,"column":46}},"78":{"start":{"line":240,"column":2},"end":{"line":242,"column":3}},"79":{"start":{"line":241,"column":4},"end":{"line":241,"column":44}},"80":{"start":{"line":243,"column":2},"end":{"line":243,"column":13}},"81":{"start":{"line":246,"column":0},"end":{"line":261,"column":2}},"82":{"start":{"line":249,"column":6},"end":{"line":249,"column":22}},"83":{"start":{"line":250,"column":6},"end":{"line":250,"column":44}},"84":{"start":{"line":255,"column":6},"end":{"line":255,"column":22}},"85":{"start":{"line":256,"column":6},"end":{"line":258,"column":8}},"86":{"start":{"line":257,"column":8},"end":{"line":257,"column":43}},"87":{"start":{"line":263,"column":0},"end":{"line":276,"column":2}},"88":{"start":{"line":266,"column":6},"end":{"line":266,"column":22}},"89":{"start":{"line":267,"column":6},"end":{"line":267,"column":38}},"90":{"start":{"line":272,"column":6},"end":{"line":272,"column":22}},"91":{"start":{"line":273,"column":6},"end":{"line":273,"column":42}},"92":{"start":{"line":278,"column":0},"end":{"line":290,"column":1}}},"fnMap":{"0":{"name":"(anonymous_0)","decl":{"start":{"line":18,"column":4},"end":{"line":18,"column":5}},"loc":{"start":{"line":18,"column":10},"end":{"line":23,"column":5}},"line":18},"1":{"name":"(anonymous_1)","decl":{"start":{"line":20,"column":34},"end":{"line":20,"column":35}},"loc":{"start":{"line":20,"column":48},"end":{"line":22,"column":7}},"line":20},"2":{"name":"(anonymous_2)","decl":{"start":{"line":26,"column":4},"end":{"line":26,"column":5}},"loc":{"start":{"line":26,"column":10},"end":{"line":29,"column":5}},"line":26},"3":{"name":"(anonymous_3)","decl":{"start":{"line":33,"column":29},"end":{"line":33,"column":30}},"loc":{"start":{"line":33,"column":42},"end":{"line":40,"column":1}},"line":33},"4":{"name":"(anonymous_4)","decl":{"start":{"line":44,"column":4},"end":{"line":44,"column":5}},"loc":{"start":{"line":44,"column":10},"end":{"line":47,"column":5}},"line":44},"5":{"name":"(anonymous_5)","decl":{"start":{"line":50,"column":4},"end":{"line":50,"column":5}},"loc":{"start":{"line":50,"column":10},"end":{"line":62,"column":5}},"line":50},"6":{"name":"(anonymous_6)","decl":{"start":{"line":53,"column":43},"end":{"line":53,"column":44}},"loc":{"start":{"line":53,"column":57},"end":{"line":55,"column":7}},"line":53},"7":{"name":"(anonymous_7)","decl":{"start":{"line":57,"column":49},"end":{"line":57,"column":50}},"loc":{"start":{"line":57,"column":63},"end":{"line":59,"column":9}},"line":57},"8":{"name":"(anonymous_8)","decl":{"start":{"line":65,"column":4},"end":{"line":65,"column":5}},"loc":{"start":{"line":65,"column":10},"end":{"line":68,"column":5}},"line":65},"9":{"name":"(anonymous_9)","decl":{"start":{"line":78,"column":4},"end":{"line":78,"column":5}},"loc":{"start":{"line":78,"column":10},"end":{"line":91,"column":5}},"line":78},"10":{"name":"(anonymous_10)","decl":{"start":{"line":81,"column":37},"end":{"line":81,"column":38}},"loc":{"start":{"line":81,"column":51},"end":{"line":83,"column":9}},"line":81},"11":{"name":"(anonymous_11)","decl":{"start":{"line":86,"column":41},"end":{"line":86,"column":42}},"loc":{"start":{"line":86,"column":55},"end":{"line":88,"column":9}},"line":86},"12":{"name":"(anonymous_12)","decl":{"start":{"line":94,"column":4},"end":{"line":94,"column":5}},"loc":{"start":{"line":94,"column":10},"end":{"line":97,"column":5}},"line":94},"13":{"name":"(anonymous_13)","decl":{"start":{"line":102,"column":16},"end":{"line":102,"column":17}},"loc":{"start":{"line":111,"column":2},"end":{"line":122,"column":1}},"line":111},"14":{"name":"(anonymous_14)","decl":{"start":{"line":126,"column":4},"end":{"line":126,"column":5}},"loc":{"start":{"line":126,"column":10},"end":{"line":129,"column":5}},"line":126},"15":{"name":"(anonymous_15)","decl":{"start":{"line":132,"column":4},"end":{"line":132,"column":5}},"loc":{"start":{"line":132,"column":10},"end":{"line":137,"column":5}},"line":132},"16":{"name":"(anonymous_16)","decl":{"start":{"line":134,"column":43},"end":{"line":134,"column":44}},"loc":{"start":{"line":134,"column":57},"end":{"line":136,"column":7}},"line":134},"17":{"name":"(anonymous_17)","decl":{"start":{"line":143,"column":4},"end":{"line":143,"column":5}},"loc":{"start":{"line":143,"column":10},"end":{"line":146,"column":5}},"line":143},"18":{"name":"(anonymous_18)","decl":{"start":{"line":149,"column":4},"end":{"line":149,"column":5}},"loc":{"start":{"line":149,"column":10},"end":{"line":152,"column":5}},"line":149},"19":{"name":"(anonymous_19)","decl":{"start":{"line":157,"column":20},"end":{"line":157,"column":21}},"loc":{"start":{"line":157,"column":77},"end":{"line":165,"column":1}},"line":157},"20":{"name":"(anonymous_20)","decl":{"start":{"line":169,"column":4},"end":{"line":169,"column":5}},"loc":{"start":{"line":169,"column":10},"end":{"line":172,"column":5}},"line":169},"21":{"name":"(anonymous_21)","decl":{"start":{"line":178,"column":4},"end":{"line":178,"column":5}},"loc":{"start":{"line":178,"column":10},"end":{"line":181,"column":5}},"line":178},"22":{"name":"(anonymous_22)","decl":{"start":{"line":184,"column":4},"end":{"line":184,"column":5}},"loc":{"start":{"line":184,"column":10},"end":{"line":187,"column":5}},"line":184},"23":{"name":"(anonymous_23)","decl":{"start":{"line":197,"column":4},"end":{"line":197,"column":5}},"loc":{"start":{"line":197,"column":10},"end":{"line":205,"column":5}},"line":197},"24":{"name":"(anonymous_24)","decl":{"start":{"line":200,"column":35},"end":{"line":200,"column":36}},"loc":{"start":{"line":200,"column":49},"end":{"line":202,"column":9}},"line":200},"25":{"name":"(anonymous_25)","decl":{"start":{"line":208,"column":4},"end":{"line":208,"column":5}},"loc":{"start":{"line":208,"column":10},"end":{"line":211,"column":5}},"line":208},"26":{"name":"(anonymous_26)","decl":{"start":{"line":215,"column":14},"end":{"line":215,"column":15}},"loc":{"start":{"line":227,"column":2},"end":{"line":244,"column":1}},"line":227},"27":{"name":"(anonymous_27)","decl":{"start":{"line":248,"column":4},"end":{"line":248,"column":5}},"loc":{"start":{"line":248,"column":10},"end":{"line":251,"column":5}},"line":248},"28":{"name":"(anonymous_28)","decl":{"start":{"line":254,"column":4},"end":{"line":254,"column":5}},"loc":{"start":{"line":254,"column":10},"end":{"line":259,"column":5}},"line":254},"29":{"name":"(anonymous_29)","decl":{"start":{"line":256,"column":41},"end":{"line":256,"column":42}},"loc":{"start":{"line":256,"column":55},"end":{"line":258,"column":7}},"line":256},"30":{"name":"(anonymous_30)","decl":{"start":{"line":265,"column":4},"end":{"line":265,"column":5}},"loc":{"start":{"line":265,"column":10},"end":{"line":268,"column":5}},"line":265},"31":{"name":"(anonymous_31)","decl":{"start":{"line":271,"column":4},"end":{"line":271,"column":5}},"loc":{"start":{"line":271,"column":10},"end":{"line":274,"column":5}},"line":271}},"branchMap":{"0":{"loc":{"start":{"line":35,"column":2},"end":{"line":39,"column":3}},"type":"if","locations":[{"start":{"line":35,"column":2},"end":{"line":39,"column":3}},{"start":{"line":35,"column":2},"end":{"line":39,"column":3}}],"line":35},"1":{"loc":{"start":{"line":56,"column":6},"end":{"line":60,"column":7}},"type":"if","locations":[{"start":{"line":56,"column":6},"end":{"line":60,"column":7}},{"start":{"line":56,"column":6},"end":{"line":60,"column":7}}],"line":56},"2":{"loc":{"start":{"line":80,"column":6},"end":{"line":84,"column":7}},"type":"if","locations":[{"start":{"line":80,"column":6},"end":{"line":84,"column":7}},{"start":{"line":80,"column":6},"end":{"line":84,"column":7}}],"line":80},"3":{"loc":{"start":{"line":85,"column":6},"end":{"line":89,"column":7}},"type":"if","locations":[{"start":{"line":85,"column":6},"end":{"line":89,"column":7}},{"start":{"line":85,"column":6},"end":{"line":89,"column":7}}],"line":85},"4":{"loc":{"start":{"line":199,"column":6},"end":{"line":203,"column":7}},"type":"if","locations":[{"start":{"line":199,"column":6},"end":{"line":203,"column":7}},{"start":{"line":199,"column":6},"end":{"line":203,"column":7}}],"line":199}},"s":{"0":4,"1":4,"2":4,"3":4,"4":4,"5":2,"6":2,"7":2,"8":2,"9":2,"10":4,"11":1,"12":1,"13":1,"14":0,"15":4,"16":3,"17":3,"18":7,"19":7,"20":7,"21":4,"22":7,"23":3,"24":3,"25":7,"26":2,"27":2,"28":4,"29":29,"30":29,"31":23,"32":37,"33":6,"34":6,"35":11,"36":0,"37":3,"38":3,"39":4,"40":3,"41":3,"42":3,"43":4,"44":11,"45":11,"46":1,"47":1,"48":1,"49":4,"50":3,"51":3,"52":6,"53":6,"54":4,"55":3,"56":3,"57":3,"58":4,"59":11,"60":11,"61":4,"62":4,"63":4,"64":6,"65":6,"66":4,"67":22,"68":22,"69":22,"70":22,"71":0,"72":0,"73":0,"74":4,"75":1,"76":1,"77":1,"78":1,"79":1,"80":1,"81":4,"82":1,"83":1,"84":1,"85":1,"86":1,"87":4,"88":1,"89":1,"90":1,"91":1,"92":4},"f":{"0":2,"1":2,"2":2,"3":1,"4":3,"5":7,"6":4,"7":3,"8":2,"9":29,"10":37,"11":11,"12":3,"13":3,"14":11,"15":1,"16":1,"17":3,"18":6,"19":3,"20":11,"21":4,"22":6,"23":22,"24":22,"25":0,"26":1,"27":1,"28":1,"29":1,"30":1,"31":1},"b":{"0":[1,0],"1":[3,4],"2":[23,6],"3":[6,0],"4":[22,0]},"_coverageSchema":"43e27e138ebf9cfc5966b082cf9a028302ed4184","hash":"cfb5820db6d475a6e58e773d09d3154e4db8c402"}
,"/home/ubuntu/spread-edge/back/src/tag.js": {"path":"/home/ubuntu/spread-edge/back/src/tag.js","statementMap":{"0":{"start":{"line":1,"column":18},"end":{"line":1,"column":39}},"1":{"start":{"line":2,"column":17},"end":{"line":2,"column":34}},"2":{"start":{"line":3,"column":20},"end":{"line":3,"column":51}},"3":{"start":{"line":4,"column":21},"end":{"line":4,"column":53}},"4":{"start":{"line":8,"column":4},"end":{"line":8,"column":36}},"5":{"start":{"line":9,"column":4},"end":{"line":9,"column":39}},"6":{"start":{"line":12,"column":22},"end":{"line":12,"column":45}},"7":{"start":{"line":13,"column":19},"end":{"line":21,"column":5}},"8":{"start":{"line":22,"column":4},"end":{"line":22,"column":36}},"9":{"start":{"line":25,"column":19},"end":{"line":25,"column":40}},"10":{"start":{"line":26,"column":4},"end":{"line":26,"column":28}},"11":{"start":{"line":27,"column":4},"end":{"line":27,"column":42}},"12":{"start":{"line":28,"column":4},"end":{"line":28,"column":30}},"13":{"start":{"line":29,"column":4},"end":{"line":29,"column":38}},"14":{"start":{"line":30,"column":4},"end":{"line":30,"column":38}},"15":{"start":{"line":31,"column":4},"end":{"line":31,"column":38}},"16":{"start":{"line":32,"column":4},"end":{"line":32,"column":36}},"17":{"start":{"line":35,"column":4},"end":{"line":35,"column":20}},"18":{"start":{"line":36,"column":4},"end":{"line":36,"column":21}},"19":{"start":{"line":39,"column":4},"end":{"line":43,"column":8}},"20":{"start":{"line":40,"column":25},"end":{"line":40,"column":44}},"21":{"start":{"line":42,"column":8},"end":{"line":42,"column":19}},"22":{"start":{"line":46,"column":4},"end":{"line":46,"column":20}},"23":{"start":{"line":47,"column":4},"end":{"line":47,"column":28}},"24":{"start":{"line":50,"column":4},"end":{"line":54,"column":8}},"25":{"start":{"line":51,"column":25},"end":{"line":51,"column":51}},"26":{"start":{"line":53,"column":8},"end":{"line":53,"column":19}},"27":{"start":{"line":57,"column":4},"end":{"line":57,"column":20}},"28":{"start":{"line":58,"column":4},"end":{"line":62,"column":5}},"29":{"start":{"line":59,"column":6},"end":{"line":59,"column":34}},"30":{"start":{"line":61,"column":6},"end":{"line":61,"column":24}},"31":{"start":{"line":65,"column":4},"end":{"line":65,"column":20}},"32":{"start":{"line":66,"column":4},"end":{"line":70,"column":8}},"33":{"start":{"line":67,"column":25},"end":{"line":67,"column":45}},"34":{"start":{"line":69,"column":8},"end":{"line":69,"column":19}},"35":{"start":{"line":73,"column":4},"end":{"line":73,"column":20}},"36":{"start":{"line":74,"column":4},"end":{"line":74,"column":40}},"37":{"start":{"line":77,"column":4},"end":{"line":77,"column":20}},"38":{"start":{"line":78,"column":4},"end":{"line":78,"column":25}},"39":{"start":{"line":81,"column":4},"end":{"line":81,"column":20}},"40":{"start":{"line":82,"column":4},"end":{"line":86,"column":8}},"41":{"start":{"line":83,"column":25},"end":{"line":83,"column":48}},"42":{"start":{"line":85,"column":8},"end":{"line":85,"column":19}},"43":{"start":{"line":89,"column":0},"end":{"line":89,"column":17}},"44":{"start":{"line":90,"column":0},"end":{"line":90,"column":18}},"45":{"start":{"line":91,"column":0},"end":{"line":91,"column":23}},"46":{"start":{"line":95,"column":22},"end":{"line":95,"column":45}},"47":{"start":{"line":96,"column":19},"end":{"line":100,"column":5}},"48":{"start":{"line":101,"column":4},"end":{"line":101,"column":42}},"49":{"start":{"line":104,"column":4},"end":{"line":104,"column":43}},"50":{"start":{"line":107,"column":19},"end":{"line":107,"column":46}},"51":{"start":{"line":108,"column":4},"end":{"line":108,"column":28}},"52":{"start":{"line":109,"column":4},"end":{"line":109,"column":38}},"53":{"start":{"line":110,"column":4},"end":{"line":110,"column":38}},"54":{"start":{"line":113,"column":4},"end":{"line":119,"column":5}},"55":{"start":{"line":114,"column":6},"end":{"line":118,"column":7}},"56":{"start":{"line":115,"column":8},"end":{"line":117,"column":10}},"57":{"start":{"line":116,"column":10},"end":{"line":116,"column":21}},"58":{"start":{"line":122,"column":4},"end":{"line":122,"column":53}},"59":{"start":{"line":125,"column":4},"end":{"line":127,"column":5}},"60":{"start":{"line":126,"column":6},"end":{"line":126,"column":34}},"61":{"start":{"line":130,"column":4},"end":{"line":130,"column":20}},"62":{"start":{"line":131,"column":4},"end":{"line":131,"column":21}},"63":{"start":{"line":134,"column":4},"end":{"line":138,"column":8}},"64":{"start":{"line":135,"column":25},"end":{"line":135,"column":44}},"65":{"start":{"line":137,"column":8},"end":{"line":137,"column":19}},"66":{"start":{"line":141,"column":4},"end":{"line":141,"column":20}},"67":{"start":{"line":142,"column":4},"end":{"line":142,"column":40}},"68":{"start":{"line":145,"column":0},"end":{"line":145,"column":29}},"69":{"start":{"line":146,"column":0},"end":{"line":146,"column":24}},"70":{"start":{"line":147,"column":0},"end":{"line":147,"column":29}},"71":{"start":{"line":149,"column":0},"end":{"line":152,"column":1}}},"fnMap":{"0":{"name":"(anonymous_0)","decl":{"start":{"line":7,"column":2},"end":{"line":7,"column":3}},"loc":{"start":{"line":7,"column":32},"end":{"line":10,"column":3}},"line":7},"1":{"name":"(anonymous_1)","decl":{"start":{"line":11,"column":2},"end":{"line":11,"column":3}},"loc":{"start":{"line":11,"column":74},"end":{"line":23,"column":3}},"line":11},"2":{"name":"(anonymous_2)","decl":{"start":{"line":24,"column":2},"end":{"line":24,"column":3}},"loc":{"start":{"line":24,"column":15},"end":{"line":33,"column":3}},"line":24},"3":{"name":"(anonymous_3)","decl":{"start":{"line":34,"column":2},"end":{"line":34,"column":3}},"loc":{"start":{"line":34,"column":13},"end":{"line":37,"column":3}},"line":34},"4":{"name":"(anonymous_4)","decl":{"start":{"line":38,"column":2},"end":{"line":38,"column":3}},"loc":{"start":{"line":38,"column":17},"end":{"line":44,"column":3}},"line":38},"5":{"name":"(anonymous_5)","decl":{"start":{"line":40,"column":12},"end":{"line":40,"column":13}},"loc":{"start":{"line":40,"column":25},"end":{"line":40,"column":44}},"line":40},"6":{"name":"(anonymous_6)","decl":{"start":{"line":41,"column":13},"end":{"line":41,"column":14}},"loc":{"start":{"line":41,"column":24},"end":{"line":43,"column":7}},"line":41},"7":{"name":"(anonymous_7)","decl":{"start":{"line":45,"column":2},"end":{"line":45,"column":3}},"loc":{"start":{"line":45,"column":20},"end":{"line":48,"column":3}},"line":45},"8":{"name":"(anonymous_8)","decl":{"start":{"line":49,"column":2},"end":{"line":49,"column":3}},"loc":{"start":{"line":49,"column":24},"end":{"line":55,"column":3}},"line":49},"9":{"name":"(anonymous_9)","decl":{"start":{"line":51,"column":12},"end":{"line":51,"column":13}},"loc":{"start":{"line":51,"column":25},"end":{"line":51,"column":51}},"line":51},"10":{"name":"(anonymous_10)","decl":{"start":{"line":52,"column":13},"end":{"line":52,"column":14}},"loc":{"start":{"line":52,"column":24},"end":{"line":54,"column":7}},"line":52},"11":{"name":"(anonymous_11)","decl":{"start":{"line":56,"column":2},"end":{"line":56,"column":3}},"loc":{"start":{"line":56,"column":14},"end":{"line":63,"column":3}},"line":56},"12":{"name":"(anonymous_12)","decl":{"start":{"line":64,"column":2},"end":{"line":64,"column":3}},"loc":{"start":{"line":64,"column":18},"end":{"line":71,"column":3}},"line":64},"13":{"name":"(anonymous_13)","decl":{"start":{"line":67,"column":12},"end":{"line":67,"column":13}},"loc":{"start":{"line":67,"column":25},"end":{"line":67,"column":45}},"line":67},"14":{"name":"(anonymous_14)","decl":{"start":{"line":68,"column":13},"end":{"line":68,"column":14}},"loc":{"start":{"line":68,"column":24},"end":{"line":70,"column":7}},"line":68},"15":{"name":"(anonymous_15)","decl":{"start":{"line":72,"column":2},"end":{"line":72,"column":3}},"loc":{"start":{"line":72,"column":18},"end":{"line":75,"column":3}},"line":72},"16":{"name":"(anonymous_16)","decl":{"start":{"line":76,"column":2},"end":{"line":76,"column":3}},"loc":{"start":{"line":76,"column":17},"end":{"line":79,"column":3}},"line":76},"17":{"name":"(anonymous_17)","decl":{"start":{"line":80,"column":2},"end":{"line":80,"column":3}},"loc":{"start":{"line":80,"column":24},"end":{"line":87,"column":3}},"line":80},"18":{"name":"(anonymous_18)","decl":{"start":{"line":83,"column":12},"end":{"line":83,"column":13}},"loc":{"start":{"line":83,"column":25},"end":{"line":83,"column":48}},"line":83},"19":{"name":"(anonymous_19)","decl":{"start":{"line":84,"column":13},"end":{"line":84,"column":14}},"loc":{"start":{"line":84,"column":24},"end":{"line":86,"column":7}},"line":84},"20":{"name":"(anonymous_20)","decl":{"start":{"line":94,"column":2},"end":{"line":94,"column":3}},"loc":{"start":{"line":94,"column":33},"end":{"line":102,"column":3}},"line":94},"21":{"name":"(anonymous_21)","decl":{"start":{"line":103,"column":2},"end":{"line":103,"column":3}},"loc":{"start":{"line":103,"column":44},"end":{"line":105,"column":3}},"line":103},"22":{"name":"(anonymous_22)","decl":{"start":{"line":106,"column":2},"end":{"line":106,"column":3}},"loc":{"start":{"line":106,"column":15},"end":{"line":111,"column":3}},"line":106},"23":{"name":"(anonymous_23)","decl":{"start":{"line":112,"column":2},"end":{"line":112,"column":3}},"loc":{"start":{"line":112,"column":15},"end":{"line":120,"column":3}},"line":112},"24":{"name":"(anonymous_24)","decl":{"start":{"line":115,"column":38},"end":{"line":115,"column":39}},"loc":{"start":{"line":115,"column":49},"end":{"line":117,"column":9}},"line":115},"25":{"name":"(anonymous_25)","decl":{"start":{"line":121,"column":2},"end":{"line":121,"column":3}},"loc":{"start":{"line":121,"column":14},"end":{"line":123,"column":3}},"line":121},"26":{"name":"(anonymous_26)","decl":{"start":{"line":124,"column":2},"end":{"line":124,"column":3}},"loc":{"start":{"line":124,"column":13},"end":{"line":128,"column":3}},"line":124},"27":{"name":"(anonymous_27)","decl":{"start":{"line":129,"column":2},"end":{"line":129,"column":3}},"loc":{"start":{"line":129,"column":13},"end":{"line":132,"column":3}},"line":129},"28":{"name":"(anonymous_28)","decl":{"start":{"line":133,"column":2},"end":{"line":133,"column":3}},"loc":{"start":{"line":133,"column":17},"end":{"line":139,"column":3}},"line":133},"29":{"name":"(anonymous_29)","decl":{"start":{"line":135,"column":12},"end":{"line":135,"column":13}},"loc":{"start":{"line":135,"column":25},"end":{"line":135,"column":44}},"line":135},"30":{"name":"(anonymous_30)","decl":{"start":{"line":136,"column":13},"end":{"line":136,"column":14}},"loc":{"start":{"line":136,"column":24},"end":{"line":138,"column":7}},"line":136},"31":{"name":"(anonymous_31)","decl":{"start":{"line":140,"column":2},"end":{"line":140,"column":3}},"loc":{"start":{"line":140,"column":18},"end":{"line":143,"column":3}},"line":140}},"branchMap":{"0":{"loc":{"start":{"line":58,"column":4},"end":{"line":62,"column":5}},"type":"if","locations":[{"start":{"line":58,"column":4},"end":{"line":62,"column":5}},{"start":{"line":58,"column":4},"end":{"line":62,"column":5}}],"line":58},"1":{"loc":{"start":{"line":103,"column":24},"end":{"line":103,"column":42}},"type":"default-arg","locations":[{"start":{"line":103,"column":38},"end":{"line":103,"column":42}}],"line":103},"2":{"loc":{"start":{"line":114,"column":6},"end":{"line":118,"column":7}},"type":"if","locations":[{"start":{"line":114,"column":6},"end":{"line":118,"column":7}},{"start":{"line":114,"column":6},"end":{"line":118,"column":7}}],"line":114},"3":{"loc":{"start":{"line":125,"column":4},"end":{"line":127,"column":5}},"type":"if","locations":[{"start":{"line":125,"column":4},"end":{"line":127,"column":5}},{"start":{"line":125,"column":4},"end":{"line":127,"column":5}}],"line":125}},"s":{"0":4,"1":4,"2":4,"3":4,"4":3,"5":3,"6":5,"7":5,"8":5,"9":7,"10":7,"11":7,"12":7,"13":7,"14":7,"15":7,"16":7,"17":2,"18":2,"19":2,"20":2,"21":0,"22":2,"23":2,"24":2,"25":2,"26":0,"27":3,"28":3,"29":1,"30":2,"31":3,"32":3,"33":3,"34":0,"35":1,"36":1,"37":6,"38":6,"39":1,"40":1,"41":1,"42":0,"43":4,"44":4,"45":4,"46":5,"47":5,"48":5,"49":5,"50":5,"51":5,"52":5,"53":5,"54":0,"55":0,"56":0,"57":0,"58":1,"59":2,"60":1,"61":7,"62":7,"63":2,"64":2,"65":0,"66":1,"67":1,"68":4,"69":4,"70":4,"71":4},"f":{"0":3,"1":5,"2":7,"3":2,"4":2,"5":2,"6":0,"7":2,"8":2,"9":2,"10":0,"11":3,"12":3,"13":3,"14":0,"15":1,"16":6,"17":1,"18":1,"19":0,"20":5,"21":5,"22":5,"23":0,"24":0,"25":1,"26":2,"27":7,"28":2,"29":2,"30":0,"31":1},"b":{"0":[1,2],"1":[5],"2":[0,0],"3":[1,1]},"_coverageSchema":"43e27e138ebf9cfc5966b082cf9a028302ed4184","hash":"bbce1e8f3c51c39c3528356a59b5b81cb8b1ad47"}
,"/home/ubuntu/spread-edge/back/src/database/index.js": {"path":"/home/ubuntu/spread-edge/back/src/database/index.js","statementMap":{"0":{"start":{"line":1,"column":14},"end":{"line":1,"column":32}},"1":{"start":{"line":3,"column":0},"end":{"line":5,"column":1}}},"fnMap":{},"branchMap":{},"s":{"0":5,"1":5},"f":{},"b":{},"_coverageSchema":"43e27e138ebf9cfc5966b082cf9a028302ed4184","hash":"326343190ea696c59d1c070e0cac137bb30a99bb"}
,"/home/ubuntu/spread-edge/back/src/database/model.js": {"path":"/home/ubuntu/spread-edge/back/src/database/model.js","statementMap":{"0":{"start":{"line":1,"column":21},"end":{"line":14,"column":1}},"1":{"start":{"line":2,"column":2},"end":{"line":2,"column":54}},"2":{"start":{"line":3,"column":2},"end":{"line":13,"column":4}},"3":{"start":{"line":4,"column":4},"end":{"line":10,"column":6}},"4":{"start":{"line":5,"column":6},"end":{"line":9,"column":7}},"5":{"start":{"line":6,"column":8},"end":{"line":6,"column":29}},"6":{"start":{"line":8,"column":8},"end":{"line":8,"column":21}},"7":{"start":{"line":12,"column":4},"end":{"line":12,"column":15}},"8":{"start":{"line":16,"column":22},"end":{"line":29,"column":1}},"9":{"start":{"line":17,"column":2},"end":{"line":17,"column":54}},"10":{"start":{"line":18,"column":2},"end":{"line":28,"column":4}},"11":{"start":{"line":19,"column":4},"end":{"line":25,"column":6}},"12":{"start":{"line":20,"column":6},"end":{"line":24,"column":7}},"13":{"start":{"line":21,"column":8},"end":{"line":21,"column":29}},"14":{"start":{"line":23,"column":8},"end":{"line":23,"column":21}},"15":{"start":{"line":27,"column":4},"end":{"line":27,"column":15}},"16":{"start":{"line":33,"column":4},"end":{"line":33,"column":27}},"17":{"start":{"line":34,"column":4},"end":{"line":34,"column":16}},"18":{"start":{"line":35,"column":4},"end":{"line":35,"column":24}},"19":{"start":{"line":36,"column":4},"end":{"line":36,"column":24}},"20":{"start":{"line":39,"column":4},"end":{"line":43,"column":5}},"21":{"start":{"line":40,"column":6},"end":{"line":42,"column":7}},"22":{"start":{"line":46,"column":4},"end":{"line":46,"column":27}},"23":{"start":{"line":47,"column":16},"end":{"line":55,"column":6}},"24":{"start":{"line":48,"column":6},"end":{"line":54,"column":7}},"25":{"start":{"line":49,"column":8},"end":{"line":53,"column":9}},"26":{"start":{"line":50,"column":10},"end":{"line":50,"column":41}},"27":{"start":{"line":52,"column":10},"end":{"line":52,"column":77}},"28":{"start":{"line":56,"column":4},"end":{"line":61,"column":5}},"29":{"start":{"line":57,"column":6},"end":{"line":57,"column":32}},"30":{"start":{"line":58,"column":6},"end":{"line":60,"column":8}},"31":{"start":{"line":59,"column":8},"end":{"line":59,"column":19}},"32":{"start":{"line":62,"column":4},"end":{"line":62,"column":16}},"33":{"start":{"line":65,"column":4},"end":{"line":65,"column":27}},"34":{"start":{"line":66,"column":14},"end":{"line":66,"column":44}},"35":{"start":{"line":67,"column":4},"end":{"line":69,"column":5}},"36":{"start":{"line":68,"column":6},"end":{"line":68,"column":23}},"37":{"start":{"line":70,"column":4},"end":{"line":70,"column":23}},"38":{"start":{"line":71,"column":19},"end":{"line":73,"column":6}},"39":{"start":{"line":72,"column":6},"end":{"line":72,"column":17}},"40":{"start":{"line":74,"column":4},"end":{"line":78,"column":5}},"41":{"start":{"line":76,"column":8},"end":{"line":76,"column":76}},"42":{"start":{"line":76,"column":55},"end":{"line":76,"column":75}},"43":{"start":{"line":79,"column":4},"end":{"line":79,"column":25}},"44":{"start":{"line":82,"column":4},"end":{"line":82,"column":27}},"45":{"start":{"line":83,"column":16},"end":{"line":87,"column":19}},"46":{"start":{"line":88,"column":19},"end":{"line":94,"column":6}},"47":{"start":{"line":91,"column":39},"end":{"line":91,"column":50}},"48":{"start":{"line":93,"column":6},"end":{"line":93,"column":17}},"49":{"start":{"line":95,"column":4},"end":{"line":95,"column":41}},"50":{"start":{"line":98,"column":4},"end":{"line":98,"column":27}},"51":{"start":{"line":99,"column":16},"end":{"line":99,"column":54}},"52":{"start":{"line":100,"column":4},"end":{"line":102,"column":6}},"53":{"start":{"line":101,"column":6},"end":{"line":101,"column":17}},"54":{"start":{"line":103,"column":4},"end":{"line":105,"column":6}},"55":{"start":{"line":104,"column":6},"end":{"line":104,"column":37}},"56":{"start":{"line":106,"column":4},"end":{"line":106,"column":19}},"57":{"start":{"line":109,"column":4},"end":{"line":109,"column":27}},"58":{"start":{"line":110,"column":4},"end":{"line":112,"column":6}},"59":{"start":{"line":111,"column":6},"end":{"line":111,"column":41}},"60":{"start":{"line":115,"column":21},"end":{"line":115,"column":37}},"61":{"start":{"line":116,"column":4},"end":{"line":116,"column":31}},"62":{"start":{"line":117,"column":4},"end":{"line":117,"column":25}},"63":{"start":{"line":118,"column":4},"end":{"line":118,"column":33}},"64":{"start":{"line":119,"column":4},"end":{"line":119,"column":28}},"65":{"start":{"line":120,"column":4},"end":{"line":124,"column":5}},"66":{"start":{"line":121,"column":6},"end":{"line":121,"column":25}},"67":{"start":{"line":123,"column":6},"end":{"line":123,"column":73}},"68":{"start":{"line":125,"column":4},"end":{"line":136,"column":5}},"69":{"start":{"line":126,"column":21},"end":{"line":128,"column":8}},"70":{"start":{"line":127,"column":8},"end":{"line":127,"column":40}},"71":{"start":{"line":129,"column":6},"end":{"line":135,"column":7}},"72":{"start":{"line":130,"column":8},"end":{"line":130,"column":37}},"73":{"start":{"line":132,"column":8},"end":{"line":134,"column":9}},"74":{"start":{"line":139,"column":16},"end":{"line":139,"column":68}},"75":{"start":{"line":141,"column":4},"end":{"line":160,"column":5}},"76":{"start":{"line":142,"column":6},"end":{"line":144,"column":8}},"77":{"start":{"line":143,"column":8},"end":{"line":143,"column":19}},"78":{"start":{"line":145,"column":6},"end":{"line":152,"column":7}},"79":{"start":{"line":146,"column":8},"end":{"line":148,"column":9}},"80":{"start":{"line":150,"column":8},"end":{"line":150,"column":31}},"81":{"start":{"line":151,"column":8},"end":{"line":151,"column":31}},"82":{"start":{"line":154,"column":6},"end":{"line":158,"column":7}},"83":{"start":{"line":156,"column":10},"end":{"line":156,"column":42}},"84":{"start":{"line":159,"column":6},"end":{"line":159,"column":17}},"85":{"start":{"line":161,"column":4},"end":{"line":161,"column":20}},"86":{"start":{"line":164,"column":4},"end":{"line":168,"column":5}},"87":{"start":{"line":165,"column":6},"end":{"line":167,"column":7}},"88":{"start":{"line":171,"column":16},"end":{"line":171,"column":78}},"89":{"start":{"line":172,"column":19},"end":{"line":172,"column":36}},"90":{"start":{"line":173,"column":4},"end":{"line":177,"column":8}},"91":{"start":{"line":174,"column":24},"end":{"line":174,"column":29}},"92":{"start":{"line":176,"column":8},"end":{"line":176,"column":19}},"93":{"start":{"line":180,"column":4},"end":{"line":180,"column":42}},"94":{"start":{"line":181,"column":4},"end":{"line":181,"column":15}},"95":{"start":{"line":184,"column":4},"end":{"line":184,"column":20}},"96":{"start":{"line":185,"column":4},"end":{"line":185,"column":19}},"97":{"start":{"line":189,"column":0},"end":{"line":193,"column":1}}},"fnMap":{"0":{"name":"(anonymous_0)","decl":{"start":{"line":1,"column":21},"end":{"line":1,"column":22}},"loc":{"start":{"line":1,"column":47},"end":{"line":14,"column":1}},"line":1},"1":{"name":"(anonymous_1)","decl":{"start":{"line":3,"column":21},"end":{"line":3,"column":22}},"loc":{"start":{"line":3,"column":42},"end":{"line":11,"column":3}},"line":3},"2":{"name":"(anonymous_2)","decl":{"start":{"line":4,"column":24},"end":{"line":4,"column":25}},"loc":{"start":{"line":4,"column":41},"end":{"line":10,"column":5}},"line":4},"3":{"name":"(anonymous_3)","decl":{"start":{"line":11,"column":11},"end":{"line":11,"column":12}},"loc":{"start":{"line":11,"column":22},"end":{"line":13,"column":3}},"line":11},"4":{"name":"(anonymous_4)","decl":{"start":{"line":16,"column":22},"end":{"line":16,"column":23}},"loc":{"start":{"line":16,"column":48},"end":{"line":29,"column":1}},"line":16},"5":{"name":"(anonymous_5)","decl":{"start":{"line":18,"column":21},"end":{"line":18,"column":22}},"loc":{"start":{"line":18,"column":42},"end":{"line":26,"column":3}},"line":18},"6":{"name":"(anonymous_6)","decl":{"start":{"line":19,"column":24},"end":{"line":19,"column":25}},"loc":{"start":{"line":19,"column":40},"end":{"line":25,"column":5}},"line":19},"7":{"name":"(anonymous_7)","decl":{"start":{"line":26,"column":11},"end":{"line":26,"column":12}},"loc":{"start":{"line":26,"column":22},"end":{"line":28,"column":3}},"line":26},"8":{"name":"(anonymous_8)","decl":{"start":{"line":32,"column":2},"end":{"line":32,"column":3}},"loc":{"start":{"line":32,"column":38},"end":{"line":37,"column":3}},"line":32},"9":{"name":"(anonymous_9)","decl":{"start":{"line":38,"column":2},"end":{"line":38,"column":3}},"loc":{"start":{"line":38,"column":28},"end":{"line":44,"column":3}},"line":38},"10":{"name":"(anonymous_10)","decl":{"start":{"line":45,"column":2},"end":{"line":45,"column":3}},"loc":{"start":{"line":45,"column":53},"end":{"line":63,"column":3}},"line":45},"11":{"name":"(anonymous_11)","decl":{"start":{"line":47,"column":36},"end":{"line":47,"column":37}},"loc":{"start":{"line":47,"column":50},"end":{"line":55,"column":5}},"line":47},"12":{"name":"(anonymous_12)","decl":{"start":{"line":58,"column":35},"end":{"line":58,"column":36}},"loc":{"start":{"line":58,"column":46},"end":{"line":60,"column":7}},"line":58},"13":{"name":"(anonymous_13)","decl":{"start":{"line":64,"column":2},"end":{"line":64,"column":3}},"loc":{"start":{"line":64,"column":43},"end":{"line":80,"column":3}},"line":64},"14":{"name":"(anonymous_14)","decl":{"start":{"line":71,"column":58},"end":{"line":71,"column":59}},"loc":{"start":{"line":71,"column":69},"end":{"line":73,"column":5}},"line":71},"15":{"name":"(anonymous_15)","decl":{"start":{"line":75,"column":17},"end":{"line":75,"column":18}},"loc":{"start":{"line":75,"column":26},"end":{"line":77,"column":7}},"line":75},"16":{"name":"(anonymous_16)","decl":{"start":{"line":76,"column":44},"end":{"line":76,"column":45}},"loc":{"start":{"line":76,"column":55},"end":{"line":76,"column":75}},"line":76},"17":{"name":"(anonymous_17)","decl":{"start":{"line":81,"column":2},"end":{"line":81,"column":3}},"loc":{"start":{"line":81,"column":41},"end":{"line":96,"column":3}},"line":81},"18":{"name":"(anonymous_18)","decl":{"start":{"line":91,"column":30},"end":{"line":91,"column":31}},"loc":{"start":{"line":91,"column":39},"end":{"line":91,"column":50}},"line":91},"19":{"name":"(anonymous_19)","decl":{"start":{"line":92,"column":12},"end":{"line":92,"column":13}},"loc":{"start":{"line":92,"column":23},"end":{"line":94,"column":5}},"line":92},"20":{"name":"(anonymous_20)","decl":{"start":{"line":97,"column":2},"end":{"line":97,"column":3}},"loc":{"start":{"line":97,"column":32},"end":{"line":107,"column":3}},"line":97},"21":{"name":"(anonymous_21)","decl":{"start":{"line":100,"column":56},"end":{"line":100,"column":57}},"loc":{"start":{"line":100,"column":67},"end":{"line":102,"column":5}},"line":100},"22":{"name":"(anonymous_22)","decl":{"start":{"line":103,"column":43},"end":{"line":103,"column":44}},"loc":{"start":{"line":103,"column":57},"end":{"line":105,"column":5}},"line":103},"23":{"name":"(anonymous_23)","decl":{"start":{"line":108,"column":2},"end":{"line":108,"column":3}},"loc":{"start":{"line":108,"column":22},"end":{"line":113,"column":3}},"line":108},"24":{"name":"(anonymous_24)","decl":{"start":{"line":110,"column":31},"end":{"line":110,"column":32}},"loc":{"start":{"line":110,"column":45},"end":{"line":112,"column":5}},"line":110},"25":{"name":"(anonymous_25)","decl":{"start":{"line":114,"column":2},"end":{"line":114,"column":3}},"loc":{"start":{"line":114,"column":44},"end":{"line":137,"column":3}},"line":114},"26":{"name":"(anonymous_26)","decl":{"start":{"line":126,"column":45},"end":{"line":126,"column":46}},"loc":{"start":{"line":126,"column":59},"end":{"line":128,"column":7}},"line":126},"27":{"name":"(anonymous_27)","decl":{"start":{"line":138,"column":2},"end":{"line":138,"column":3}},"loc":{"start":{"line":138,"column":15},"end":{"line":162,"column":3}},"line":138},"28":{"name":"(anonymous_28)","decl":{"start":{"line":142,"column":66},"end":{"line":142,"column":67}},"loc":{"start":{"line":142,"column":77},"end":{"line":144,"column":7}},"line":142},"29":{"name":"(anonymous_29)","decl":{"start":{"line":155,"column":8},"end":{"line":155,"column":9}},"loc":{"start":{"line":155,"column":22},"end":{"line":157,"column":9}},"line":155},"30":{"name":"(anonymous_30)","decl":{"start":{"line":163,"column":2},"end":{"line":163,"column":3}},"loc":{"start":{"line":163,"column":14},"end":{"line":169,"column":3}},"line":163},"31":{"name":"(anonymous_31)","decl":{"start":{"line":170,"column":2},"end":{"line":170,"column":3}},"loc":{"start":{"line":170,"column":33},"end":{"line":178,"column":3}},"line":170},"32":{"name":"(anonymous_32)","decl":{"start":{"line":174,"column":12},"end":{"line":174,"column":13}},"loc":{"start":{"line":174,"column":24},"end":{"line":174,"column":29}},"line":174},"33":{"name":"(anonymous_33)","decl":{"start":{"line":175,"column":13},"end":{"line":175,"column":14}},"loc":{"start":{"line":175,"column":24},"end":{"line":177,"column":7}},"line":175},"34":{"name":"(anonymous_34)","decl":{"start":{"line":179,"column":2},"end":{"line":179,"column":3}},"loc":{"start":{"line":179,"column":17},"end":{"line":182,"column":3}},"line":179},"35":{"name":"(anonymous_35)","decl":{"start":{"line":183,"column":2},"end":{"line":183,"column":3}},"loc":{"start":{"line":183,"column":11},"end":{"line":186,"column":3}},"line":183}},"branchMap":{"0":{"loc":{"start":{"line":2,"column":11},"end":{"line":2,"column":54}},"type":"cond-expr","locations":[{"start":{"line":2,"column":43},"end":{"line":2,"column":45}},{"start":{"line":2,"column":48},"end":{"line":2,"column":54}}],"line":2},"1":{"loc":{"start":{"line":5,"column":6},"end":{"line":9,"column":7}},"type":"if","locations":[{"start":{"line":5,"column":6},"end":{"line":9,"column":7}},{"start":{"line":5,"column":6},"end":{"line":9,"column":7}}],"line":5},"2":{"loc":{"start":{"line":17,"column":11},"end":{"line":17,"column":54}},"type":"cond-expr","locations":[{"start":{"line":17,"column":43},"end":{"line":17,"column":45}},{"start":{"line":17,"column":48},"end":{"line":17,"column":54}}],"line":17},"3":{"loc":{"start":{"line":20,"column":6},"end":{"line":24,"column":7}},"type":"if","locations":[{"start":{"line":20,"column":6},"end":{"line":24,"column":7}},{"start":{"line":20,"column":6},"end":{"line":24,"column":7}}],"line":20},"4":{"loc":{"start":{"line":39,"column":4},"end":{"line":43,"column":5}},"type":"if","locations":[{"start":{"line":39,"column":4},"end":{"line":43,"column":5}},{"start":{"line":39,"column":4},"end":{"line":43,"column":5}}],"line":39},"5":{"loc":{"start":{"line":45,"column":29},"end":{"line":45,"column":51}},"type":"default-arg","locations":[{"start":{"line":45,"column":46},"end":{"line":45,"column":51}}],"line":45},"6":{"loc":{"start":{"line":48,"column":6},"end":{"line":54,"column":7}},"type":"if","locations":[{"start":{"line":48,"column":6},"end":{"line":54,"column":7}},{"start":{"line":48,"column":6},"end":{"line":54,"column":7}}],"line":48},"7":{"loc":{"start":{"line":49,"column":8},"end":{"line":53,"column":9}},"type":"if","locations":[{"start":{"line":49,"column":8},"end":{"line":53,"column":9}},{"start":{"line":49,"column":8},"end":{"line":53,"column":9}}],"line":49},"8":{"loc":{"start":{"line":56,"column":4},"end":{"line":61,"column":5}},"type":"if","locations":[{"start":{"line":56,"column":4},"end":{"line":61,"column":5}},{"start":{"line":56,"column":4},"end":{"line":61,"column":5}}],"line":56},"9":{"loc":{"start":{"line":64,"column":22},"end":{"line":64,"column":41}},"type":"default-arg","locations":[{"start":{"line":64,"column":36},"end":{"line":64,"column":41}}],"line":64},"10":{"loc":{"start":{"line":67,"column":4},"end":{"line":69,"column":5}},"type":"if","locations":[{"start":{"line":67,"column":4},"end":{"line":69,"column":5}},{"start":{"line":67,"column":4},"end":{"line":69,"column":5}}],"line":67},"11":{"loc":{"start":{"line":114,"column":24},"end":{"line":114,"column":42}},"type":"default-arg","locations":[{"start":{"line":114,"column":38},"end":{"line":114,"column":42}}],"line":114},"12":{"loc":{"start":{"line":120,"column":4},"end":{"line":124,"column":5}},"type":"if","locations":[{"start":{"line":120,"column":4},"end":{"line":124,"column":5}},{"start":{"line":120,"column":4},"end":{"line":124,"column":5}}],"line":120},"13":{"loc":{"start":{"line":125,"column":4},"end":{"line":136,"column":5}},"type":"if","locations":[{"start":{"line":125,"column":4},"end":{"line":136,"column":5}},{"start":{"line":125,"column":4},"end":{"line":136,"column":5}}],"line":125},"14":{"loc":{"start":{"line":129,"column":6},"end":{"line":135,"column":7}},"type":"if","locations":[{"start":{"line":129,"column":6},"end":{"line":135,"column":7}},{"start":{"line":129,"column":6},"end":{"line":135,"column":7}}],"line":129},"15":{"loc":{"start":{"line":145,"column":6},"end":{"line":152,"column":7}},"type":"if","locations":[{"start":{"line":145,"column":6},"end":{"line":152,"column":7}},{"start":{"line":145,"column":6},"end":{"line":152,"column":7}}],"line":145},"16":{"loc":{"start":{"line":164,"column":4},"end":{"line":168,"column":5}},"type":"if","locations":[{"start":{"line":164,"column":4},"end":{"line":168,"column":5}},{"start":{"line":164,"column":4},"end":{"line":168,"column":5}}],"line":164}},"s":{"0":5,"1":95,"2":95,"3":95,"4":94,"5":1,"6":93,"7":1,"8":5,"9":91,"10":91,"11":91,"12":90,"13":1,"14":89,"15":1,"16":28,"17":28,"18":28,"19":28,"20":296,"21":5,"22":78,"23":77,"24":45,"25":44,"26":43,"27":1,"28":76,"29":48,"30":48,"31":1,"32":75,"33":41,"34":40,"35":40,"36":0,"37":40,"38":40,"39":0,"40":40,"41":12,"42":0,"43":40,"44":36,"45":35,"46":35,"47":147,"48":0,"49":35,"50":9,"51":8,"52":8,"53":0,"54":8,"55":15,"56":8,"57":76,"58":75,"59":106,"60":56,"61":56,"62":56,"63":56,"64":56,"65":56,"66":55,"67":1,"68":55,"69":55,"70":17,"71":55,"72":54,"73":1,"74":53,"75":53,"76":53,"77":0,"78":53,"79":1,"80":52,"81":52,"82":1,"83":2,"84":1,"85":52,"86":657,"87":1,"88":47,"89":47,"90":47,"91":46,"92":1,"93":8,"94":8,"95":336,"96":335,"97":5},"f":{"0":95,"1":95,"2":94,"3":1,"4":91,"5":91,"6":90,"7":1,"8":28,"9":296,"10":78,"11":45,"12":1,"13":41,"14":0,"15":12,"16":0,"17":36,"18":147,"19":0,"20":9,"21":0,"22":15,"23":76,"24":106,"25":56,"26":17,"27":53,"28":0,"29":2,"30":657,"31":47,"32":46,"33":1,"34":8,"35":336},"b":{"0":[42,53],"1":[1,93],"2":[1,90],"3":[1,89],"4":[5,291],"5":[31],"6":[44,1],"7":[43,1],"8":[48,28],"9":[41],"10":[0,40],"11":[37],"12":[55,1],"13":[55,0],"14":[54,1],"15":[1,52],"16":[1,656]},"_coverageSchema":"43e27e138ebf9cfc5966b082cf9a028302ed4184","hash":"eeae49afcd511edb08b27e2158509379e6909dbf"}
,"/home/ubuntu/spread-edge/back/src/device/device.js": {"path":"/home/ubuntu/spread-edge/back/src/device/device.js","statementMap":{"0":{"start":{"line":1,"column":18},"end":{"line":1,"column":40}},"1":{"start":{"line":2,"column":33},"end":{"line":2,"column":52}},"2":{"start":{"line":3,"column":41},"end":{"line":3,"column":64}},"3":{"start":{"line":4,"column":20},"end":{"line":4,"column":51}},"4":{"start":{"line":5,"column":21},"end":{"line":5,"column":53}},"5":{"start":{"line":9,"column":4},"end":{"line":9,"column":39}},"6":{"start":{"line":10,"column":4},"end":{"line":10,"column":43}},"7":{"start":{"line":11,"column":4},"end":{"line":11,"column":47}},"8":{"start":{"line":14,"column":22},"end":{"line":14,"column":45}},"9":{"start":{"line":15,"column":19},"end":{"line":21,"column":5}},"10":{"start":{"line":22,"column":4},"end":{"line":22,"column":31}},"11":{"start":{"line":25,"column":20},"end":{"line":25,"column":48}},"12":{"start":{"line":26,"column":4},"end":{"line":26,"column":31}},"13":{"start":{"line":27,"column":4},"end":{"line":27,"column":25}},"14":{"start":{"line":28,"column":4},"end":{"line":28,"column":29}},"15":{"start":{"line":29,"column":4},"end":{"line":29,"column":18}},"16":{"start":{"line":32,"column":19},"end":{"line":32,"column":37}},"17":{"start":{"line":33,"column":4},"end":{"line":33,"column":28}},"18":{"start":{"line":34,"column":4},"end":{"line":34,"column":42}},"19":{"start":{"line":35,"column":4},"end":{"line":35,"column":28}},"20":{"start":{"line":36,"column":4},"end":{"line":36,"column":38}},"21":{"start":{"line":37,"column":4},"end":{"line":37,"column":38}},"22":{"start":{"line":40,"column":4},"end":{"line":40,"column":20}},"23":{"start":{"line":41,"column":4},"end":{"line":41,"column":21}},"24":{"start":{"line":44,"column":4},"end":{"line":46,"column":45}},"25":{"start":{"line":45,"column":25},"end":{"line":45,"column":44}},"26":{"start":{"line":46,"column":24},"end":{"line":46,"column":44}},"27":{"start":{"line":49,"column":4},"end":{"line":49,"column":20}},"28":{"start":{"line":50,"column":4},"end":{"line":50,"column":28}},"29":{"start":{"line":53,"column":4},"end":{"line":55,"column":45}},"30":{"start":{"line":54,"column":25},"end":{"line":54,"column":51}},"31":{"start":{"line":55,"column":24},"end":{"line":55,"column":44}},"32":{"start":{"line":58,"column":4},"end":{"line":58,"column":20}},"33":{"start":{"line":59,"column":4},"end":{"line":59,"column":21}},"34":{"start":{"line":62,"column":4},"end":{"line":62,"column":20}},"35":{"start":{"line":63,"column":4},"end":{"line":63,"column":40}},"36":{"start":{"line":66,"column":0},"end":{"line":66,"column":23}},"37":{"start":{"line":67,"column":0},"end":{"line":67,"column":21}},"38":{"start":{"line":68,"column":0},"end":{"line":68,"column":26}},"39":{"start":{"line":70,"column":0},"end":{"line":72,"column":1}}},"fnMap":{"0":{"name":"(anonymous_0)","decl":{"start":{"line":8,"column":2},"end":{"line":8,"column":3}},"loc":{"start":{"line":8,"column":38},"end":{"line":12,"column":3}},"line":8},"1":{"name":"(anonymous_1)","decl":{"start":{"line":13,"column":2},"end":{"line":13,"column":3}},"loc":{"start":{"line":13,"column":52},"end":{"line":23,"column":3}},"line":13},"2":{"name":"(anonymous_2)","decl":{"start":{"line":24,"column":2},"end":{"line":24,"column":3}},"loc":{"start":{"line":24,"column":32},"end":{"line":30,"column":3}},"line":24},"3":{"name":"(anonymous_3)","decl":{"start":{"line":31,"column":2},"end":{"line":31,"column":3}},"loc":{"start":{"line":31,"column":15},"end":{"line":38,"column":3}},"line":31},"4":{"name":"(anonymous_4)","decl":{"start":{"line":39,"column":2},"end":{"line":39,"column":3}},"loc":{"start":{"line":39,"column":13},"end":{"line":42,"column":3}},"line":39},"5":{"name":"(anonymous_5)","decl":{"start":{"line":43,"column":2},"end":{"line":43,"column":3}},"loc":{"start":{"line":43,"column":17},"end":{"line":47,"column":3}},"line":43},"6":{"name":"(anonymous_6)","decl":{"start":{"line":45,"column":12},"end":{"line":45,"column":13}},"loc":{"start":{"line":45,"column":25},"end":{"line":45,"column":44}},"line":45},"7":{"name":"(anonymous_7)","decl":{"start":{"line":46,"column":13},"end":{"line":46,"column":14}},"loc":{"start":{"line":46,"column":24},"end":{"line":46,"column":44}},"line":46},"8":{"name":"(anonymous_8)","decl":{"start":{"line":48,"column":2},"end":{"line":48,"column":3}},"loc":{"start":{"line":48,"column":20},"end":{"line":51,"column":3}},"line":48},"9":{"name":"(anonymous_9)","decl":{"start":{"line":52,"column":2},"end":{"line":52,"column":3}},"loc":{"start":{"line":52,"column":24},"end":{"line":56,"column":3}},"line":52},"10":{"name":"(anonymous_10)","decl":{"start":{"line":54,"column":12},"end":{"line":54,"column":13}},"loc":{"start":{"line":54,"column":25},"end":{"line":54,"column":51}},"line":54},"11":{"name":"(anonymous_11)","decl":{"start":{"line":55,"column":13},"end":{"line":55,"column":14}},"loc":{"start":{"line":55,"column":24},"end":{"line":55,"column":44}},"line":55},"12":{"name":"(anonymous_12)","decl":{"start":{"line":57,"column":2},"end":{"line":57,"column":3}},"loc":{"start":{"line":57,"column":13},"end":{"line":60,"column":3}},"line":57},"13":{"name":"(anonymous_13)","decl":{"start":{"line":61,"column":2},"end":{"line":61,"column":3}},"loc":{"start":{"line":61,"column":18},"end":{"line":64,"column":3}},"line":61}},"branchMap":{},"s":{"0":4,"1":4,"2":4,"3":4,"4":4,"5":2,"6":2,"7":2,"8":6,"9":6,"10":6,"11":2,"12":2,"13":2,"14":2,"15":2,"16":8,"17":8,"18":8,"19":8,"20":8,"21":8,"22":8,"23":8,"24":3,"25":3,"26":0,"27":8,"28":8,"29":3,"30":3,"31":0,"32":38,"33":38,"34":1,"35":1,"36":4,"37":4,"38":4,"39":4},"f":{"0":2,"1":6,"2":2,"3":8,"4":8,"5":3,"6":3,"7":0,"8":8,"9":3,"10":3,"11":0,"12":38,"13":1},"b":{},"_coverageSchema":"43e27e138ebf9cfc5966b082cf9a028302ed4184","hash":"983f1b560164e07e18955d5d4c2b997ee6bcaa96"}
,"/home/ubuntu/spread-edge/back/src/device/ethernetip.js": {"path":"/home/ubuntu/spread-edge/back/src/device/ethernetip.js","statementMap":{"0":{"start":{"line":1,"column":18},"end":{"line":1,"column":40}},"1":{"start":{"line":2,"column":28},"end":{"line":2,"column":50}},"2":{"start":{"line":6,"column":4},"end":{"line":6,"column":49}},"3":{"start":{"line":7,"column":4},"end":{"line":7,"column":39}},"4":{"start":{"line":10,"column":4},"end":{"line":10,"column":31}},"5":{"start":{"line":13,"column":4},"end":{"line":13,"column":32}},"6":{"start":{"line":14,"column":4},"end":{"line":14,"column":34}},"7":{"start":{"line":17,"column":19},"end":{"line":17,"column":37}},"8":{"start":{"line":18,"column":4},"end":{"line":18,"column":32}},"9":{"start":{"line":19,"column":4},"end":{"line":19,"column":28}},"10":{"start":{"line":20,"column":4},"end":{"line":20,"column":28}},"11":{"start":{"line":21,"column":4},"end":{"line":21,"column":26}},"12":{"start":{"line":22,"column":4},"end":{"line":22,"column":21}},"13":{"start":{"line":25,"column":4},"end":{"line":35,"column":5}},"14":{"start":{"line":26,"column":6},"end":{"line":26,"column":23}},"15":{"start":{"line":27,"column":6},"end":{"line":29,"column":8}},"16":{"start":{"line":28,"column":8},"end":{"line":28,"column":19}},"17":{"start":{"line":30,"column":6},"end":{"line":34,"column":7}},"18":{"start":{"line":31,"column":8},"end":{"line":31,"column":29}},"19":{"start":{"line":33,"column":8},"end":{"line":33,"column":30}},"20":{"start":{"line":38,"column":4},"end":{"line":38,"column":25}},"21":{"start":{"line":39,"column":4},"end":{"line":39,"column":26}},"22":{"start":{"line":42,"column":4},"end":{"line":42,"column":20}},"23":{"start":{"line":43,"column":4},"end":{"line":43,"column":21}},"24":{"start":{"line":46,"column":4},"end":{"line":50,"column":8}},"25":{"start":{"line":47,"column":25},"end":{"line":47,"column":44}},"26":{"start":{"line":49,"column":8},"end":{"line":49,"column":19}},"27":{"start":{"line":53,"column":4},"end":{"line":53,"column":20}},"28":{"start":{"line":54,"column":4},"end":{"line":54,"column":21}},"29":{"start":{"line":57,"column":4},"end":{"line":61,"column":8}},"30":{"start":{"line":58,"column":25},"end":{"line":58,"column":44}},"31":{"start":{"line":60,"column":8},"end":{"line":60,"column":19}},"32":{"start":{"line":64,"column":4},"end":{"line":70,"column":5}},"33":{"start":{"line":65,"column":6},"end":{"line":65,"column":24}},"34":{"start":{"line":66,"column":11},"end":{"line":70,"column":5}},"35":{"start":{"line":67,"column":6},"end":{"line":67,"column":23}},"36":{"start":{"line":69,"column":6},"end":{"line":69,"column":25}},"37":{"start":{"line":73,"column":0},"end":{"line":73,"column":31}},"38":{"start":{"line":74,"column":0},"end":{"line":74,"column":25}},"39":{"start":{"line":75,"column":0},"end":{"line":75,"column":30}},"40":{"start":{"line":79,"column":19},"end":{"line":83,"column":5}},"41":{"start":{"line":84,"column":4},"end":{"line":84,"column":31}},"42":{"start":{"line":87,"column":19},"end":{"line":87,"column":37}},"43":{"start":{"line":88,"column":4},"end":{"line":88,"column":40}},"44":{"start":{"line":89,"column":4},"end":{"line":89,"column":26}},"45":{"start":{"line":90,"column":4},"end":{"line":90,"column":34}},"46":{"start":{"line":91,"column":4},"end":{"line":91,"column":41}},"47":{"start":{"line":94,"column":4},"end":{"line":99,"column":5}},"48":{"start":{"line":95,"column":6},"end":{"line":97,"column":8}},"49":{"start":{"line":96,"column":8},"end":{"line":96,"column":19}},"50":{"start":{"line":98,"column":6},"end":{"line":98,"column":49}},"51":{"start":{"line":102,"column":4},"end":{"line":102,"column":20}},"52":{"start":{"line":103,"column":4},"end":{"line":103,"column":24}},"53":{"start":{"line":106,"column":4},"end":{"line":108,"column":45}},"54":{"start":{"line":107,"column":25},"end":{"line":107,"column":47}},"55":{"start":{"line":108,"column":24},"end":{"line":108,"column":44}},"56":{"start":{"line":111,"column":0},"end":{"line":111,"column":43}},"57":{"start":{"line":112,"column":0},"end":{"line":112,"column":31}},"58":{"start":{"line":113,"column":0},"end":{"line":113,"column":36}},"59":{"start":{"line":115,"column":0},"end":{"line":118,"column":1}}},"fnMap":{"0":{"name":"(anonymous_0)","decl":{"start":{"line":5,"column":2},"end":{"line":5,"column":3}},"loc":{"start":{"line":5,"column":38},"end":{"line":8,"column":3}},"line":5},"1":{"name":"(anonymous_1)","decl":{"start":{"line":9,"column":2},"end":{"line":9,"column":3}},"loc":{"start":{"line":9,"column":30},"end":{"line":11,"column":3}},"line":9},"2":{"name":"(anonymous_2)","decl":{"start":{"line":12,"column":2},"end":{"line":12,"column":3}},"loc":{"start":{"line":12,"column":44},"end":{"line":15,"column":3}},"line":12},"3":{"name":"(anonymous_3)","decl":{"start":{"line":16,"column":2},"end":{"line":16,"column":3}},"loc":{"start":{"line":16,"column":15},"end":{"line":23,"column":3}},"line":16},"4":{"name":"(anonymous_4)","decl":{"start":{"line":24,"column":2},"end":{"line":24,"column":3}},"loc":{"start":{"line":24,"column":18},"end":{"line":36,"column":3}},"line":24},"5":{"name":"(anonymous_5)","decl":{"start":{"line":27,"column":60},"end":{"line":27,"column":61}},"loc":{"start":{"line":27,"column":71},"end":{"line":29,"column":7}},"line":27},"6":{"name":"(anonymous_6)","decl":{"start":{"line":37,"column":2},"end":{"line":37,"column":3}},"loc":{"start":{"line":37,"column":21},"end":{"line":40,"column":3}},"line":37},"7":{"name":"(anonymous_7)","decl":{"start":{"line":41,"column":2},"end":{"line":41,"column":3}},"loc":{"start":{"line":41,"column":13},"end":{"line":44,"column":3}},"line":41},"8":{"name":"(anonymous_8)","decl":{"start":{"line":45,"column":2},"end":{"line":45,"column":3}},"loc":{"start":{"line":45,"column":17},"end":{"line":51,"column":3}},"line":45},"9":{"name":"(anonymous_9)","decl":{"start":{"line":47,"column":12},"end":{"line":47,"column":13}},"loc":{"start":{"line":47,"column":25},"end":{"line":47,"column":44}},"line":47},"10":{"name":"(anonymous_10)","decl":{"start":{"line":48,"column":13},"end":{"line":48,"column":14}},"loc":{"start":{"line":48,"column":24},"end":{"line":50,"column":7}},"line":48},"11":{"name":"(anonymous_11)","decl":{"start":{"line":52,"column":2},"end":{"line":52,"column":3}},"loc":{"start":{"line":52,"column":13},"end":{"line":55,"column":3}},"line":52},"12":{"name":"(anonymous_12)","decl":{"start":{"line":56,"column":2},"end":{"line":56,"column":3}},"loc":{"start":{"line":56,"column":17},"end":{"line":62,"column":3}},"line":56},"13":{"name":"(anonymous_13)","decl":{"start":{"line":58,"column":12},"end":{"line":58,"column":13}},"loc":{"start":{"line":58,"column":25},"end":{"line":58,"column":44}},"line":58},"14":{"name":"(anonymous_14)","decl":{"start":{"line":59,"column":13},"end":{"line":59,"column":14}},"loc":{"start":{"line":59,"column":24},"end":{"line":61,"column":7}},"line":59},"15":{"name":"(anonymous_15)","decl":{"start":{"line":63,"column":2},"end":{"line":63,"column":3}},"loc":{"start":{"line":63,"column":15},"end":{"line":71,"column":3}},"line":63},"16":{"name":"(anonymous_16)","decl":{"start":{"line":78,"column":2},"end":{"line":78,"column":3}},"loc":{"start":{"line":78,"column":42},"end":{"line":85,"column":3}},"line":78},"17":{"name":"(anonymous_17)","decl":{"start":{"line":86,"column":2},"end":{"line":86,"column":3}},"loc":{"start":{"line":86,"column":15},"end":{"line":92,"column":3}},"line":86},"18":{"name":"(anonymous_18)","decl":{"start":{"line":93,"column":2},"end":{"line":93,"column":3}},"loc":{"start":{"line":93,"column":15},"end":{"line":100,"column":3}},"line":93},"19":{"name":"(anonymous_19)","decl":{"start":{"line":95,"column":63},"end":{"line":95,"column":64}},"loc":{"start":{"line":95,"column":74},"end":{"line":97,"column":7}},"line":95},"20":{"name":"(anonymous_20)","decl":{"start":{"line":101,"column":2},"end":{"line":101,"column":3}},"loc":{"start":{"line":101,"column":16},"end":{"line":104,"column":3}},"line":101},"21":{"name":"(anonymous_21)","decl":{"start":{"line":105,"column":2},"end":{"line":105,"column":3}},"loc":{"start":{"line":105,"column":20},"end":{"line":109,"column":3}},"line":105},"22":{"name":"(anonymous_22)","decl":{"start":{"line":107,"column":12},"end":{"line":107,"column":13}},"loc":{"start":{"line":107,"column":25},"end":{"line":107,"column":47}},"line":107},"23":{"name":"(anonymous_23)","decl":{"start":{"line":108,"column":13},"end":{"line":108,"column":14}},"loc":{"start":{"line":108,"column":24},"end":{"line":108,"column":44}},"line":108}},"branchMap":{"0":{"loc":{"start":{"line":12,"column":24},"end":{"line":12,"column":42}},"type":"default-arg","locations":[{"start":{"line":12,"column":38},"end":{"line":12,"column":42}}],"line":12},"1":{"loc":{"start":{"line":25,"column":4},"end":{"line":35,"column":5}},"type":"if","locations":[{"start":{"line":25,"column":4},"end":{"line":35,"column":5}},{"start":{"line":25,"column":4},"end":{"line":35,"column":5}}],"line":25},"2":{"loc":{"start":{"line":30,"column":6},"end":{"line":34,"column":7}},"type":"if","locations":[{"start":{"line":30,"column":6},"end":{"line":34,"column":7}},{"start":{"line":30,"column":6},"end":{"line":34,"column":7}}],"line":30},"3":{"loc":{"start":{"line":64,"column":4},"end":{"line":70,"column":5}},"type":"if","locations":[{"start":{"line":64,"column":4},"end":{"line":70,"column":5}},{"start":{"line":64,"column":4},"end":{"line":70,"column":5}}],"line":64},"4":{"loc":{"start":{"line":66,"column":11},"end":{"line":70,"column":5}},"type":"if","locations":[{"start":{"line":66,"column":11},"end":{"line":70,"column":5}},{"start":{"line":66,"column":11},"end":{"line":70,"column":5}}],"line":66},"5":{"loc":{"start":{"line":94,"column":4},"end":{"line":99,"column":5}},"type":"if","locations":[{"start":{"line":94,"column":4},"end":{"line":99,"column":5}},{"start":{"line":94,"column":4},"end":{"line":99,"column":5}}],"line":94}},"s":{"0":4,"1":4,"2":2,"3":2,"4":3,"5":5,"6":5,"7":5,"8":5,"9":5,"10":5,"11":5,"12":5,"13":2,"14":2,"15":2,"16":0,"17":2,"18":2,"19":0,"20":1,"21":1,"22":5,"23":5,"24":1,"25":1,"26":0,"27":5,"28":5,"29":0,"30":0,"31":0,"32":0,"33":0,"34":0,"35":0,"36":0,"37":4,"38":4,"39":4,"40":2,"41":2,"42":2,"43":2,"44":2,"45":2,"46":2,"47":1,"48":1,"49":0,"50":1,"51":4,"52":4,"53":2,"54":2,"55":0,"56":4,"57":4,"58":4,"59":4},"f":{"0":2,"1":3,"2":5,"3":5,"4":2,"5":0,"6":1,"7":5,"8":1,"9":1,"10":0,"11":5,"12":0,"13":0,"14":0,"15":0,"16":2,"17":2,"18":1,"19":0,"20":4,"21":2,"22":2,"23":0},"b":{"0":[5],"1":[2,0],"2":[2,0],"3":[0,0],"4":[0,0],"5":[1,0]},"_coverageSchema":"43e27e138ebf9cfc5966b082cf9a028302ed4184","hash":"941d7e7439cfa5e1dd2c0907fdd8b74262f1c226"}
,"/home/ubuntu/spread-edge/back/src/device/index.js": {"path":"/home/ubuntu/spread-edge/back/src/device/index.js","statementMap":{"0":{"start":{"line":1,"column":19},"end":{"line":1,"column":38}},"1":{"start":{"line":2,"column":33},"end":{"line":2,"column":52}},"2":{"start":{"line":3,"column":41},"end":{"line":3,"column":64}},"3":{"start":{"line":5,"column":0},"end":{"line":11,"column":1}}},"fnMap":{},"branchMap":{},"s":{"0":4,"1":4,"2":4,"3":4},"f":{},"b":{},"_coverageSchema":"43e27e138ebf9cfc5966b082cf9a028302ed4184","hash":"a2940ca9993aaa93993c8947ad83b3169cc531a8"}
,"/home/ubuntu/spread-edge/back/src/device/modbus.js": {"path":"/home/ubuntu/spread-edge/back/src/device/modbus.js","statementMap":{"0":{"start":{"line":1,"column":18},"end":{"line":1,"column":40}},"1":{"start":{"line":2,"column":18},"end":{"line":2,"column":42}},"2":{"start":{"line":6,"column":4},"end":{"line":6,"column":45}},"3":{"start":{"line":7,"column":4},"end":{"line":7,"column":39}},"4":{"start":{"line":10,"column":4},"end":{"line":10,"column":31}},"5":{"start":{"line":13,"column":20},"end":{"line":13,"column":48}},"6":{"start":{"line":14,"column":4},"end":{"line":14,"column":25}},"7":{"start":{"line":15,"column":4},"end":{"line":15,"column":18}},"8":{"start":{"line":18,"column":4},"end":{"line":18,"column":32}},"9":{"start":{"line":19,"column":4},"end":{"line":19,"column":33}},"10":{"start":{"line":20,"column":4},"end":{"line":20,"column":24}},"11":{"start":{"line":23,"column":19},"end":{"line":23,"column":37}},"12":{"start":{"line":24,"column":4},"end":{"line":24,"column":32}},"13":{"start":{"line":25,"column":4},"end":{"line":25,"column":28}},"14":{"start":{"line":26,"column":4},"end":{"line":26,"column":28}},"15":{"start":{"line":27,"column":4},"end":{"line":27,"column":42}},"16":{"start":{"line":28,"column":4},"end":{"line":28,"column":44}},"17":{"start":{"line":29,"column":4},"end":{"line":29,"column":38}},"18":{"start":{"line":30,"column":4},"end":{"line":30,"column":42}},"19":{"start":{"line":31,"column":4},"end":{"line":31,"column":26}},"20":{"start":{"line":32,"column":4},"end":{"line":32,"column":21}},"21":{"start":{"line":35,"column":4},"end":{"line":47,"column":5}},"22":{"start":{"line":36,"column":6},"end":{"line":36,"column":23}},"23":{"start":{"line":37,"column":6},"end":{"line":41,"column":10}},"24":{"start":{"line":40,"column":10},"end":{"line":40,"column":36}},"25":{"start":{"line":42,"column":6},"end":{"line":46,"column":7}},"26":{"start":{"line":43,"column":8},"end":{"line":43,"column":29}},"27":{"start":{"line":45,"column":8},"end":{"line":45,"column":30}},"28":{"start":{"line":50,"column":4},"end":{"line":56,"column":6}},"29":{"start":{"line":51,"column":6},"end":{"line":53,"column":8}},"30":{"start":{"line":52,"column":8},"end":{"line":52,"column":17}},"31":{"start":{"line":55,"column":6},"end":{"line":55,"column":17}},"32":{"start":{"line":57,"column":4},"end":{"line":57,"column":26}},"33":{"start":{"lin
[...]
4},"end":{"line":144,"column":8}},"53":{"start":{"line":141,"column":25},"end":{"line":141,"column":44}},"54":{"start":{"line":143,"column":8},"end":{"line":143,"column":19}},"55":{"start":{"line":147,"column":4},"end":{"line":147,"column":20}},"56":{"start":{"line":148,"column":4},"end":{"line":148,"column":25}},"57":{"start":{"line":151,"column":4},"end":{"line":155,"column":8}},"58":{"start":{"line":152,"column":25},"end":{"line":152,"column":48}},"59":{"start":{"line":154,"column":8},"end":{"line":154,"column":19}},"60":{"start":{"line":158,"column":4},"end":{"line":158,"column":20}},"61":{"start":{"line":159,"column":4},"end":{"line":159,"column":25}},"62":{"start":{"line":162,"column":4},"end":{"line":166,"column":8}},"63":{"start":{"line":163,"column":25},"end":{"line":163,"column":48}},"64":{"start":{"line":165,"column":8},"end":{"line":165,"column":19}},"65":{"start":{"line":169,"column":4},"end":{"line":169,"column":20}},"66":{"start":{"line":170,"column":4},"end":{"line":170,"column":21}},"67":{"start":{"line":173,"column":4},"end":{"line":177,"column":8}},"68":{"start":{"line":174,"column":25},"end":{"line":174,"column":44}},"69":{"start":{"line":176,"column":8},"end":{"line":176,"column":19}},"70":{"start":{"line":180,"column":0},"end":{"line":180,"column":19}},"71":{"start":{"line":181,"column":0},"end":{"line":181,"column":19}},"72":{"start":{"line":182,"column":0},"end":{"line":182,"column":24}},"73":{"start":{"line":183,"column":0},"end":{"line":183,"column":22}},"74":{"start":{"line":187,"column":19},"end":{"line":190,"column":5}},"75":{"start":{"line":191,"column":4},"end":{"line":191,"column":43}},"76":{"start":{"line":194,"column":4},"end":{"line":194,"column":45}},"77":{"start":{"line":197,"column":4},"end":{"line":197,"column":41}},"78":{"start":{"line":200,"column":4},"end":{"line":200,"column":44}},"79":{"start":{"line":203,"column":19},"end":{"line":203,"column":47}},"80":{"start":{"line":204,"column":4},"end":{"line":204,"column":28}},"81":{"start":{"line":205,"column":4},"end":{"line":205,"column":32}},"82":{"start":{"line":208,"column":0},"end":{"line":208,"column":31}},"83":{"start":{"line":209,"column":0},"end":{"line":209,"column":25}},"84":{"start":{"line":210,"column":0},"end":{"line":210,"column":30}},"85":{"start":{"line":211,"column":0},"end":{"line":211,"column":28}},"86":{"start":{"line":213,"column":0},"end":{"line":216,"column":1}}},"fnMap":{"0":{"name":"(anonymous_0)","decl":{"start":{"line":6,"column":2},"end":{"line":6,"column":3}},"loc":{"start":{"line":6,"column":38},"end":{"line":9,"column":3}},"line":6},"1":{"name":"(anonymous_1)","decl":{"start":{"line":10,"column":2},"end":{"line":10,"column":3}},"loc":{"start":{"line":10,"column":30},"end":{"line":12,"column":3}},"line":10},"2":{"name":"(anonymous_2)","decl":{"start":{"line":13,"column":2},"end":{"line":13,"column":3}},"loc":{"start":{"line":13,"column":15},"end":{"line":23,"column":3}},"line":13},"3":{"name":"(anonymous_3)","decl":{"start":{"line":24,"column":2},"end":{"line":24,"column":3}},"loc":{"start":{"line":24,"column":12},"end":{"line":88,"column":3}},"line":24},"4":{"name":"(anonymous_4)","decl":{"start":{"line":54,"column":30},"end":{"line":54,"column":31}},"loc":{"start":{"line":54,"column":36},"end":{"line":86,"column":7}},"line":54},"5":{"name":"(anonymous_5)","decl":{"start":{"line":60,"column":29},"end":{"line":60,"column":30}},"loc":{"start":{"line":60,"column":41},"end":{"line":71,"column":9}},"line":60},"6":{"name":"(anonymous_6)","decl":{"start":{"line":63,"column":54},"end":{"line":63,"column":55}},"loc":{"start":{"line":63,"column":66},"end":{"line":69,"column":13}},"line":63},"7":{"name":"(anonymous_7)","decl":{"start":{"line":72,"column":36},"end":{"line":72,"column":37}},"loc":{"start":{"line":72,"column":42},"end":{"line":85,"column":9}},"line":72},"8":{"name":"(anonymous_8)","decl":{"start":{"line":73,"column":31},"end":{"line":73,"column":32}},"loc":{"start":{"line":73,"column":43},"end":{"line":84,"column":11}},"line":73},"9":{"name":"(anonymous_9)","decl":{"start":{"line":76,"column":56},"end":{"line":76,"column":57}},"loc":{"start":{"line":76,"column":68},"end":{"line":82,"column":15}},"line":76},"10":{"name":"(anonymous_10)","decl":{"start":{"line":89,"column":2},"end":{"line":89,"column":3}},"loc":{"start":{"line":89,"column":15},"end":{"line":101,"column":3}},"line":89},"11":{"name":"(anonymous_11)","decl":{"start":{"line":95,"column":27},"end":{"line":95,"column":28}},"loc":{"start":{"line":95,"column":39},"end":{"line":97,"column":7}},"line":95},"12":{"name":"(anonymous_12)","decl":{"start":{"line":102,"column":2},"end":{"line":102,"column":3}},"loc":{"start":{"line":102,"column":13},"end":{"line":105,"column":3}},"line":102},"13":{"name":"(anonymous_13)","decl":{"start":{"line":106,"column":2},"end":{"line":106,"column":3}},"loc":{"start":{"line":106,"column":17},"end":{"line":112,"column":3}},"line":106},"14":{"name":"(anonymous_14)","decl":{"start":{"line":108,"column":12},"end":{"line":108,"column":13}},"loc":{"start":{"line":108,"column":25},"end":{"line":108,"column":44}},"line":108},"15":{"name":"(anonymous_15)","decl":{"start":{"line":109,"column":13},"end":{"line":109,"column":14}},"loc":{"start":{"line":109,"column":24},"end":{"line":111,"column":7}},"line":109},"16":{"name":"(anonymous_16)","decl":{"start":{"line":113,"column":2},"end":{"line":113,"column":3}},"loc":{"start":{"line":113,"column":13},"end":{"line":116,"column":3}},"line":113},"17":{"name":"(anonymous_17)","decl":{"start":{"line":117,"column":2},"end":{"line":117,"column":3}},"loc":{"start":{"line":117,"column":17},"end":{"line":123,"column":3}},"line":117},"18":{"name":"(anonymous_18)","decl":{"start":{"line":119,"column":12},"end":{"line":119,"column":13}},"loc":{"start":{"line":119,"column":25},"end":{"line":119,"column":44}},"line":119},"19":{"name":"(anonymous_19)","decl":{"start":{"line":120,"column":13},"end":{"line":120,"column":14}},"loc":{"start":{"line":120,"column":24},"end":{"line":122,"column":7}},"line":120},"20":{"name":"(anonymous_20)","decl":{"start":{"line":124,"column":2},"end":{"line":124,"column":3}},"loc":{"start":{"line":124,"column":14},"end":{"line":127,"column":3}},"line":124},"21":{"name":"(anonymous_21)","decl":{"start":{"line":128,"column":2},"end":{"line":128,"column":3}},"loc":{"start":{"line":128,"column":18},"end":{"line":134,"column":3}},"line":128},"22":{"name":"(anonymous_22)","decl":{"start":{"line":130,"column":12},"end":{"line":130,"column":13}},"loc":{"start":{"line":130,"column":25},"end":{"line":130,"column":45}},"line":130},"23":{"name":"(anonymous_23)","decl":{"start":{"line":131,"column":13},"end":{"line":131,"column":14}},"loc":{"start":{"line":131,"column":24},"end":{"line":133,"column":7}},"line":131},"24":{"name":"(anonymous_24)","decl":{"start":{"line":135,"column":2},"end":{"line":135,"column":3}},"loc":{"start":{"line":135,"column":13},"end":{"line":138,"column":3}},"line":135},"25":{"name":"(anonymous_25)","decl":{"start":{"line":139,"column":2},"end":{"line":139,"column":3}},"loc":{"start":{"line":139,"column":17},"end":{"line":145,"column":3}},"line":139},"26":{"name":"(anonymous_26)","decl":{"start":{"line":141,"column":12},"end":{"line":141,"column":13}},"loc":{"start":{"line":141,"column":25},"end":{"line":141,"column":44}},"line":141},"27":{"name":"(anonymous_27)","decl":{"start":{"line":142,"column":13},"end":{"line":142,"column":14}},"loc":{"start":{"line":142,"column":24},"end":{"line":144,"column":7}},"line":142},"28":{"name":"(anonymous_28)","decl":{"start":{"line":146,"column":2},"end":{"line":146,"column":3}},"loc":{"start":{"line":146,"column":17},"end":{"line":149,"column":3}},"line":146},"29":{"name":"(anonymous_29)","decl":{"start":{"line":150,"column":2},"end":{"line":150,"column":3}},"loc":{"start":{"line":150,"column":21},"end":{"line":156,"column":3}},"line":150},"30":{"name":"(anonymous_30)","decl":{"start":{"line":152,"column":12},"end":{"line":152,"column":13}},"loc":{"start":{"line":152,"column":25},"end":{"line":152,"column":48}},"line":152},"31":{"name":"(anonymous_31)","decl":{"start":{"line":153,"column":13},"end":{"line":153,"column":14}},"loc":{"start":{"line":153,"column":24},"end":{"line":155,"column":7}},"line":153},"32":{"name":"(anonymous_32)","decl":{"start":{"line":157,"column":2},"end":{"line":157,"column":3}},"loc":{"start":{"line":157,"column":17},"end":{"line":160,"column":3}},"line":157},"33":{"name":"(anonymous_33)","decl":{"start":{"line":161,"column":2},"end":{"line":161,"column":3}},"loc":{"start":{"line":161,"column":21},"end":{"line":167,"column":3}},"line":161},"34":{"name":"(anonymous_34)","decl":{"start":{"line":163,"column":12},"end":{"line":163,"column":13}},"loc":{"start":{"line":163,"column":25},"end":{"line":163,"column":48}},"line":163},"35":{"name":"(anonymous_35)","decl":{"start":{"line":164,"column":13},"end":{"line":164,"column":14}},"loc":{"start":{"line":164,"column":24},"end":{"line":166,"column":7}},"line":164},"36":{"name":"(anonymous_36)","decl":{"start":{"line":168,"column":2},"end":{"line":168,"column":3}},"loc":{"start":{"line":168,"column":13},"end":{"line":171,"column":3}},"line":168},"37":{"name":"(anonymous_37)","decl":{"start":{"line":172,"column":2},"end":{"line":172,"column":3}},"loc":{"start":{"line":172,"column":17},"end":{"line":178,"column":3}},"line":172},"38":{"name":"(anonymous_38)","decl":{"start":{"line":174,"column":12},"end":{"line":174,"column":13}},"loc":{"start":{"line":174,"column":25},"end":{"line":174,"column":44}},"line":174},"39":{"name":"(anonymous_39)","decl":{"start":{"line":175,"column":13},"end":{"line":175,"column":14}},"loc":{"start":{"line":175,"column":24},"end":{"line":177,"column":7}},"line":175},"40":{"name":"(anonymous_40)","decl":{"start":{"line":186,"column":2},"end":{"line":186,"column":3}},"loc":{"start":{"line":186,"column":30},"end":{"line":192,"column":3}},"line":186},"41":{"name":"(anonymous_41)","decl":{"start":{"line":193,"column":2},"end":{"line":193,"column":3}},"loc":{"start":{"line":193,"column":26},"end":{"line":195,"column":3}},"line":193},"42":{"name":"(anonymous_42)","decl":{"start":{"line":196,"column":2},"end":{"line":196,"column":3}},"loc":{"start":{"line":196,"column":22},"end":{"line":198,"column":3}},"line":196},"43":{"name":"(anonymous_43)","decl":{"start":{"line":199,"column":2},"end":{"line":199,"column":3}},"loc":{"start":{"line":199,"column":44},"end":{"line":201,"column":3}},"line":199},"44":{"name":"(anonymous_44)","decl":{"start":{"line":202,"column":2},"end":{"line":202,"column":3}},"loc":{"start":{"line":202,"column":15},"end":{"line":206,"column":3}},"line":202}},"branchMap":{"0":{"loc":{"start":{"line":25,"column":4},"end":{"line":87,"column":5}},"type":"if","locations":[{"start":{"line":25,"column":4},"end":{"line":87,"column":5}},{"start":{"line":25,"column":4},"end":{"line":87,"column":5}}],"line":25},"1":{"loc":{"start":{"line":90,"column":4},"end":{"line":100,"column":5}},"type":"if","locations":[{"start":{"line":90,"column":4},"end":{"line":100,"column":5}},{"start":{"line":90,"column":4},"end":{"line":100,"column":5}}],"line":90},"2":{"loc":{"start":{"line":199,"column":24},"end":{"line":199,"column":42}},"type":"default-arg","locations":[{"start":{"line":199,"column":38},"end":{"line":199,"column":42}}],"line":199}},"s":{"0":4,"1":4,"2":4,"3":1,"4":1,"5":1,"6":1,"7":1,"8":1,"9":1,"10":1,"11":1,"12":1,"13":1,"14":1,"15":0,"16":0,"17":0,"18":0,"19":0,"20":0,"21":0,"22":0,"23":0,"24":0,"25":0,"26":0,"27":0,"28":0,"29":0,"30":0,"31":0,"32":0,"33":0,"34":0,"35":2,"36":2,"37":1,"38":1,"39":0,"40":2,"41":2,"42":1,"43":1,"44":0,"45":2,"46":2,"47":1,"48":1,"49":0,"50":2,"51":2,"52":1,"53":1,"54":0,"55":2,"56":2,"57":1,"58":1,"59":0,"60":2,"61":2,"62":1,"63":1,"64":0,"65":2,"66":2,"67":1,"68":1,"69":0,"70":4,"71":4,"72":4,"73":4,"74":1,"75":1,"76":0,"77":0,"78":1,"79":1,"80":1,"81":1,"82":4,"83":4,"84":4,"85":4,"86":4},"f":{"0":1,"1":1,"2":1,"3":0,"4":0,"5":0,"6":0,"7":0,"8":0,"9":0,"10":0,"11":0,"12":2,"13":1,"14":1,"15":0,"16":2,"17":1,"18":1,"19":0,"20":2,"21":1,"22":1,"23":0,"24":2,"25":1,"26":1,"27":0,"28":2,"29":1,"30":1,"31":0,"32":2,"33":1,"34":1,"35":0,"36":2,"37":1,"38":1,"39":0,"40":1,"41":0,"42":0,"43":1,"44":1},"b":{"0":[0,0],"1":[0,0],"2":[1]},"_coverageSchema":"43e27e138ebf9cfc5966b082cf9a028302ed4184","hash":"b66fae866c64f40cb35390e85f413987cab78c9f"}
,"/home/ubuntu/spread-edge/back/src/service/service.js": {"path":"/home/ubuntu/spread-edge/back/src/service/service.js","statementMap":{"0":{"start":{"line":1,"column":18},"end":{"line":1,"column":40}},"1":{"start":{"line":2,"column":17},"end":{"line":2,"column":34}},"2":{"start":{"line":3,"column":20},"end":{"line":3,"column":51}},"3":{"start":{"line":4,"column":21},"end":{"line":4,"column":53}},"4":{"start":{"line":8,"column":4},"end":{"line":8,"column":37}},"5":{"start":{"line":9,"column":4},"end":{"line":9,"column":48}},"6":{"start":{"line":12,"column":22},"end":{"line":12,"column":45}},"7":{"start":{"line":13,"column":19},"end":{"line":19,"column":5}},"8":{"start":{"line":20,"column":4},"end":{"line":20,"column":31}},"9":{"start":{"line":23,"column":20},"end":{"line":23,"column":48}},"10":{"start":{"line":24,"column":4},"end":{"line":24,"column":23}},"11":{"start":{"line":25,"column":4},"end":{"line":25,"column":18}},"12":{"start":{"line":28,"column":4},"end":{"line":28,"column":38}},"13":{"start":{"line":31,"column":4},"end":{"line":31,"column":41}},"14":{"start":{"line":34,"column":19},"end":{"line":34,"column":44}},"15":{"start":{"line":35,"column":4},"end":{"line":35,"column":28}},"16":{"start":{"line":36,"column":4},"end":{"line":36,"column":42}},"17":{"start":{"line":37,"column":4},"end":{"line":37,"column":28}},"18":{"start":{"line":38,"column":4},"end":{"line":38,"column":38}},"19":{"start":{"line":39,"column":4},"end":{"line":39,"column":38}},"20":{"start":{"line":40,"column":4},"end":{"line":45,"column":5}},"21":{"start":{"line":41,"column":19},"end":{"line":43,"column":8}},"22":{"start":{"line":42,"column":8},"end":{"line":42,"column":44}},"23":{"start":{"line":44,"column":6},"end":{"line":44,"column":42}},"24":{"start":{"line":48,"column":4},"end":{"line":48,"column":32}},"25":{"start":{"line":51,"column":4},"end":{"line":51,"column":20}},"26":{"start":{"line":52,"column":4},"end":{"line":52,"column":21}},"27":{"start":{"line":55,"column":4},"end":{"line":59,"column":8}},"28":{"start":{"line":56,"column":25},"end":{"line":56,"column":44}},"29":{"start":{"line":58,"column":8},"end":{"line":58,"column":19}},"30":{"start":{"line":62,"column":4},"end":{"line":62,"column":20}},"31":{"start":{"line":63,"column":4},"end":{"line":63,"column":28}},"32":{"start":{"line":66,"column":4},"end":{"line":70,"column":8}},"33":{"start":{"line":67,"column":25},"end":{"line":67,"column":51}},"34":{"start":{"line":69,"column":8},"end":{"line":69,"column":19}},"35":{"start":{"line":73,"column":4},"end":{"line":73,"column":20}},"36":{"start":{"line":74,"column":4},"end":{"line":74,"column":21}},"37":{"start":{"line":77,"column":4},"end":{"line":77,"column":20}},"38":{"start":{"line":78,"column":4},"end":{"line":78,"column":40}},"39":{"start":{"line":81,"column":0},"end":{"line":81,"column":25}},"40":{"start":{"line":82,"column":0},"end":{"line":82,"column":22}},"41":{"start":{"line":83,"column":0},"end":{"line":83,"column":27}},"42":{"start":{"line":84,"column":0},"end":{"line":84,"column":25}},"43":{"start":{"line":86,"column":0},"end":{"line":88,"column":1}}},"fnMap":{"0":{"name":"(anonymous_0)","decl":{"start":{"line":7,"column":2},"end":{"line":7,"column":3}},"loc":{"start":{"line":7,"column":38},"end":{"line":10,"column":3}},"line":7},"1":{"name":"(anonymous_1)","decl":{"start":{"line":11,"column":2},"end":{"line":11,"column":3}},"loc":{"start":{"line":11,"column":52},"end":{"line":21,"column":3}},"line":11},"2":{"name":"(anonymous_2)","decl":{"start":{"line":22,"column":2},"end":{"line":22,"column":3}},"loc":{"start":{"line":22,"column":32},"end":{"line":26,"column":3}},"line":22},"3":{"name":"(anonymous_3)","decl":{"start":{"line":27,"column":2},"end":{"line":27,"column":3}},"loc":{"start":{"line":27,"column":22},"end":{"line":29,"column":3}},"line":27},"4":{"name":"(anonymous_4)","decl":{"start":{"line":30,"column":2},"end":{"line":30,"column":3}},"loc":{"start":{"line":30,"column":44},"end":{"line":32,"column":3}},"line":30},"5":{"name":"(anonymous_5)","decl":{"start":{"line":33,"column":2},"end":{"line":33,"column":3}},"loc":{"start":{"line":33,"column":15},"end":{"line":46,"column":3}},"line":33},"6":{"name":"(anonymous_6)","decl":{"start":{"line":41,"column":39},"end":{"line":41,"column":40}},"loc":{"start":{"line":41,"column":53},"end":{"line":43,"column":7}},"line":41},"7":{"name":"(anonymous_7)","decl":{"start":{"line":47,"column":2},"end":{"line":47,"column":3}},"loc":{"start":{"line":47,"column":11},"end":{"line":49,"column":3}},"line":47},"8":{"name":"(anonymous_8)","decl":{"start":{"line":50,"column":2},"end":{"line":50,"column":3}},"loc":{"start":{"line":50,"column":13},"end":{"line":53,"column":3}},"line":50},"9":{"name":"(anonymous_9)","decl":{"start":{"line":54,"column":2},"end":{"line":54,"column":3}},"loc":{"start":{"line":54,"column":17},"end":{"line":60,"column":3}},"line":54},"10":{"name":"(anonymous_10)","decl":{"start":{"line":56,"column":12},"end":{"line":56,"column":13}},"loc":{"start":{"line":56,"column":25},"end":{"line":56,"column":44}},"line":56},"11":{"name":"(anonymous_11)","decl":{"start":{"line":57,"column":13},"end":{"line":57,"column":14}},"loc":{"start":{"line":57,"column":24},"end":{"line":59,"column":7}},"line":57},"12":{"name":"(anonymous_12)","decl":{"start":{"line":61,"column":2},"end":{"line":61,"column":3}},"loc":{"start":{"line":61,"column":20},"end":{"line":64,"column":3}},"line":61},"13":{"name":"(anonymous_13)","decl":{"start":{"line":65,"column":2},"end":{"line":65,"column":3}},"loc":{"start":{"line":65,"column":24},"end":{"line":71,"column":3}},"line":65},"14":{"name":"(anonymous_14)","decl":{"start":{"line":67,"column":12},"end":{"line":67,"column":13}},"loc":{"start":{"line":67,"column":25},"end":{"line":67,"column":51}},"line":67},"15":{"name":"(anonymous_15)","decl":{"start":{"line":68,"column":13},"end":{"line":68,"column":14}},"loc":{"start":{"line":68,"column":24},"end":{"line":70,"column":7}},"line":68},"16":{"name":"(anonymous_16)","decl":{"start":{"line":72,"column":2},"end":{"line":72,"column":3}},"loc":{"start":{"line":72,"column":13},"end":{"line":75,"column":3}},"line":72},"17":{"name":"(anonymous_17)","decl":{"start":{"line":76,"column":2},"end":{"line":76,"column":3}},"loc":{"start":{"line":76,"column":18},"end":{"line":79,"column":3}},"line":76}},"branchMap":{"0":{"loc":{"start":{"line":30,"column":24},"end":{"line":30,"column":42}},"type":"default-arg","locations":[{"start":{"line":30,"column":38},"end":{"line":30,"column":42}}],"line":30},"1":{"loc":{"start":{"line":40,"column":4},"end":{"line":45,"column":5}},"type":"if","locations":[{"start":{"line":40,"column":4},"end":{"line":45,"column":5}},{"start":{"line":40,"column":4},"end":{"line":45,"column":5}}],"line":40},"2":{"loc":{"start":{"line":44,"column":21},"end":{"line":44,"column":42}},"type":"cond-expr","locations":[{"start":{"line":44,"column":28},"end":{"line":44,"column":35}},{"start":{"line":44,"column":38},"end":{"line":44,"column":42}}],"line":44}},"s":{"0":4,"1":4,"2":4,"3":4,"4":1,"5":1,"6":1,"7":1,"8":1,"9":1,"10":1,"11":1,"12":3,"13":1,"14":1,"15":1,"16":1,"17":1,"18":1,"19":1,"20":1,"21":1,"22":0,"23":1,"24":1,"25":2,"26":2,"27":1,"28":1,"29":0,"30":2,"31":2,"32":1,"33":1,"34":0,"35":22,"36":22,"37":0,"38":0,"39":4,"40":4,"41":4,"42":4,"43":4},"f":{"0":1,"1":1,"2":1,"3":3,"4":1,"5":1,"6":0,"7":1,"8":2,"9":1,"10":1,"11":0,"12":2,"13":1,"14":1,"15":0,"16":22,"17":0},"b":{"0":[1],"1":[1,0],"2":[0,1]},"_coverageSchema":"43e27e138ebf9cfc5966b082cf9a028302ed4184","hash":"fcd07f9a42414c748f29a1f0769d6c8033c64c0c"}
}
