TN:
SF:/home/ubuntu/spread-edge/back/src/auth.js
FN:9,(anonymous_0)
FN:11,(anonymous_1)
FN:19,(anonymous_2)
FN:27,(anonymous_3)
FN:28,(anonymous_4)
FN:52,(anonymous_5)
FN:70,(anonymous_6)
FN:84,(anonymous_7)
FN:89,(anonymous_8)
FN:93,(anonymous_9)
FN:95,(anonymous_10)
FN:98,(anonymous_11)
FN:102,(anonymous_12)
FN:106,(anonymous_13)
FN:109,(anonymous_14)
FN:112,(anonymous_15)
FNF:16
FNH:14
FNDA:6,(anonymous_0)
FNDA:2,(anonymous_1)
FNDA:5,(anonymous_2)
FNDA:8,(anonymous_3)
FNDA:9,(anonymous_4)
FNDA:31,(anonymous_5)
FNDA:1,(anonymous_6)
FNDA:10,(anonymous_7)
FNDA:21,(anonymous_8)
FNDA:2,(anonymous_9)
FNDA:2,(anonymous_10)
FNDA:0,(anonymous_11)
FNDA:15,(anonymous_12)
FNDA:3,(anonymous_13)
FNDA:3,(anonymous_14)
FNDA:0,(anonymous_15)
DA:1,4
DA:2,4
DA:3,4
DA:4,4
DA:6,4
DA:10,6
DA:11,6
DA:12,2
DA:14,6
DA:15,4
DA:17,6
DA:20,5
DA:21,5
DA:25,5
DA:28,8
DA:29,9
DA:31,8
DA:32,8
DA:33,6
DA:34,6
DA:35,2
DA:37,4
DA:43,4
DA:49,2
DA:53,31
DA:54,31
DA:55,31
DA:58,31
DA:59,27
DA:60,27
DA:61,27
DA:62,27
DA:64,0
DA:67,4
DA:71,1
DA:72,1
DA:73,1
DA:74,1
DA:75,0
DA:77,1
DA:78,1
DA:81,0
DA:85,10
DA:86,10
DA:87,10
DA:90,21
DA:91,21
DA:94,2
DA:96,2
DA:99,0
DA:103,15
DA:104,15
DA:107,3
DA:108,3
DA:110,3
DA:113,0
DA:117,4
DA:118,4
DA:119,4
DA:121,4
LF:60
LH:55
BRDA:14,0,0,4
BRDA:14,0,1,2
BRDA:32,1,0,6
BRDA:32,1,1,2
BRDA:34,2,0,2
BRDA:34,2,1,4
BRDA:55,3,0,31
BRDA:55,3,1,0
BRDA:58,4,0,27
BRDA:58,4,1,4
BRDA:61,5,0,27
BRDA:61,5,1,0
BRDA:72,6,0,1
BRDA:72,6,1,0
BRDA:74,7,0,0
BRDA:74,7,1,1
BRF:16
BRH:12
end_of_record
TN:
SF:/home/ubuntu/spread-edge/back/src/index.js
FN:7,(anonymous_0)
FN:17,(anonymous_1)
FN:30,(anonymous_2)
FN:38,(anonymous_3)
FN:52,(anonymous_4)
FN:53,(anonymous_5)
FN:55,(anonymous_6)
FN:58,(anonymous_7)
FN:61,(anonymous_8)
FNF:9
FNH:0
FNDA:0,(anonymous_0)
FNDA:0,(anonymous_1)
FNDA:0,(anonymous_2)
FNDA:0,(anonymous_3)
FNDA:0,(anonymous_4)
FNDA:0,(anonymous_5)
FNDA:0,(anonymous_6)
FNDA:0,(anonymous_7)
FNDA:0,(anonymous_8)
DA:1,0
DA:2,0
DA:3,0
DA:4,0
DA:7,0
DA:8,0
DA:9,0
DA:11,0
DA:13,0
DA:14,0
DA:17,0
DA:29,0
DA:31,0
DA:32,0
DA:34,0
DA:35,0
DA:36,0
DA:37,0
DA:38,0
DA:39,0
DA:41,0
DA:42,0
DA:53,0
DA:54,0
DA:55,0
DA:56,0
DA:58,0
DA:59,0
DA:61,0
DA:62,0
DA:64,0
DA:65,0
LF:32
LH:0
BRDA:8,0,0,0
BRDA:8,0,1,0
BRF:2
BRH:0
end_of_record
TN:
SF:/home/ubuntu/spread-edge/back/src/relations.js
FN:18,(anonymous_0)
FN:20,(anonymous_1)
FN:26,(anonymous_2)
FN:33,(anonymous_3)
FN:44,(anonymous_4)
FN:50,(anonymous_5)
FN:53,(anonymous_6)
FN:57,(anonymous_7)
FN:65,(anonymous_8)
FN:78,(anonymous_9)
FN:81,(anonymous_10)
FN:86,(anonymous_11)
FN:94,(anonymous_12)
FN:102,(anonymous_13)
FN:126,(anonymous_14)
FN:132,(anonymous_15)
FN:134,(anonymous_16)
FN:143,(anonymous_17)
FN:149,(anonymous_18)
FN:157,(anonymous_19)
FN:169,(anonymous_20)
FN:178,(anonymous_21)
FN:184,(anonymous_22)
FN:197,(anonymous_23)
FN:200,(anonymous_24)
FN:208,(anonymous_25)
FN:215,(anonymous_26)
FN:248,(anonymous_27)
FN:254,(anonymous_28)
FN:256,(anonymous_29)
FN:265,(anonymous_30)
FN:271,(anonymous_31)
FNF:32
FNH:31
FNDA:2,(anonymous_0)
FNDA:2,(anonymous_1)
FNDA:2,(anonymous_2)
FNDA:1,(anonymous_3)
FNDA:3,(anonymous_4)
FNDA:7,(anonymous_5)
FNDA:4,(anonymous_6)
FNDA:3,(anonymous_7)
FNDA:2,(anonymous_8)
FNDA:29,(anonymous_9)
FNDA:37,(anonymous_10)
FNDA:11,(anonymous_11)
FNDA:3,(anonymous_12)
FNDA:3,(anonymous_13)
FNDA:11,(anonymous_14)
FNDA:1,(anonymous_15)
FNDA:1,(anonymous_16)
FNDA:3,(anonymous_17)
FNDA:6,(anonymous_18)
FNDA:3,(anonymous_19)
FNDA:11,(anonymous_20)
FNDA:4,(anonymous_21)
FNDA:6,(anonymous_22)
FNDA:22,(anonymous_23)
FNDA:22,(anonymous_24)
FNDA:0,(anonymous_25)
FNDA:1,(anonymous_26)
FNDA:1,(anonymous_27)
FNDA:1,(anonymous_28)
FNDA:1,(anonymous_29)
FNDA:1,(anonymous_30)
FNDA:1,(anonymous_31)
DA:1,4
DA:8,4
DA:9,4
DA:10,4
DA:16,4
DA:19,2
DA:20,2
DA:21,2
DA:27,2
DA:28,2
DA:33,4
DA:34,1
DA:35,1
DA:36,1
DA:38,0
DA:42,4
DA:45,3
DA:46,3
DA:51,7
DA:52,7
DA:53,7
DA:54,4
DA:56,7
DA:57,3
DA:58,3
DA:61,7
DA:66,2
DA:67,2
DA:76,4
DA:79,29
DA:80,29
DA:81,23
DA:82,37
DA:85,6
DA:86,6
DA:87,11
DA:90,0
DA:95,3
DA:96,3
DA:102,4
DA:112,3
DA:113,3
DA:121,3
DA:124,4
DA:127,11
DA:128,11
DA:133,1
DA:134,1
DA:135,1
DA:141,4
DA:144,3
DA:145,3
DA:150,6
DA:151,6
DA:157,4
DA:158,3
DA:159,3
DA:164,3
DA:167,4
DA:170,11
DA:171,11
DA:176,4
DA:179,4
DA:180,4
DA:185,6
DA:186,6
DA:195,4
DA:198,22
DA:199,22
DA:200,22
DA:201,22
DA:204,0
DA:209,0
DA:210,0
DA:215,4
DA:228,1
DA:229,1
DA:239,1
DA:240,1
DA:241,1
DA:243,1
DA:246,4
DA:249,1
DA:250,1
DA:255,1
DA:256,1
DA:257,1
DA:263,4
DA:266,1
DA:267,1
DA:272,1
DA:273,1
DA:278,4
LF:93
LH:88
BRDA:35,0,0,1
BRDA:35,0,1,0
BRDA:56,1,0,3
BRDA:56,1,1,4
BRDA:80,2,0,23
BRDA:80,2,1,6
BRDA:85,3,0,6
BRDA:85,3,1,0
BRDA:199,4,0,22
BRDA:199,4,1,0
BRF:10
BRH:7
end_of_record
TN:
SF:/home/ubuntu/spread-edge/back/src/tag.js
FN:7,(anonymous_0)
FN:11,(anonymous_1)
FN:24,(anonymous_2)
FN:34,(anonymous_3)
FN:38,(anonymous_4)
FN:40,(anonymous_5)
FN:41,(anonymous_6)
FN:45,(anonymous_7)
FN:49,(anonymous_8)
FN:51,(anonymous_9)
FN:52,(anonymous_10)
FN:56,(anonymous_11)
FN:64,(anonymous_12)
FN:67,(anonymous_13)
FN:68,(anonymous_14)
FN:72,(anonymous_15)
FN:76,(anonymous_16)
FN:80,(anonymous_17)
FN:83,(anonymous_18)
FN:84,(anonymous_19)
FN:94,(anonymous_20)
FN:103,(anonymous_21)
FN:106,(anonymous_22)
FN:112,(anonymous_23)
FN:115,(anonymous_24)
FN:121,(anonymous_25)
FN:124,(anonymous_26)
FN:129,(anonymous_27)
FN:133,(anonymous_28)
FN:135,(anonymous_29)
FN:136,(anonymous_30)
FN:140,(anonymous_31)
FNF:32
FNH:25
FNDA:3,(anonymous_0)
FNDA:5,(anonymous_1)
FNDA:7,(anonymous_2)
FNDA:2,(anonymous_3)
FNDA:2,(anonymous_4)
FNDA:2,(anonymous_5)
FNDA:0,(anonymous_6)
FNDA:2,(anonymous_7)
FNDA:2,(anonymous_8)
FNDA:2,(anonymous_9)
FNDA:0,(anonymous_10)
FNDA:3,(anonymous_11)
FNDA:3,(anonymous_12)
FNDA:3,(anonymous_13)
FNDA:0,(anonymous_14)
FNDA:1,(anonymous_15)
FNDA:6,(anonymous_16)
FNDA:1,(anonymous_17)
FNDA:1,(anonymous_18)
FNDA:0,(anonymous_19)
FNDA:5,(anonymous_20)
FNDA:5,(anonymous_21)
FNDA:5,(anonymous_22)
FNDA:0,(anonymous_23)
FNDA:0,(anonymous_24)
FNDA:1,(anonymous_25)
FNDA:2,(anonymous_26)
FNDA:7,(anonymous_27)
FNDA:2,(anonymous_28)
FNDA:2,(anonymous_29)
FNDA:0,(anonymous_30)
FNDA:1,(anonymous_31)
DA:1,4
DA:2,4
DA:3,4
DA:4,4
DA:8,3
DA:9,3
DA:12,5
DA:13,5
DA:22,5
DA:25,7
DA:26,7
DA:27,7
DA:28,7
DA:29,7
DA:30,7
DA:31,7
DA:32,7
DA:35,2
DA:36,2
DA:39,2
DA:40,2
DA:42,0
DA:46,2
DA:47,2
DA:50,2
DA:51,2
DA:53,0
DA:57,3
DA:58,3
DA:59,1
DA:61,2
DA:65,3
DA:66,3
DA:67,3
DA:69,0
DA:73,1
DA:74,1
DA:77,6
DA:78,6
DA:81,1
DA:82,1
DA:83,1
DA:85,0
DA:89,4
DA:90,4
DA:91,4
DA:95,5
DA:96,5
DA:101,5
DA:104,5
DA:107,5
DA:108,5
DA:109,5
DA:110,5
DA:113,0
DA:114,0
DA:115,0
DA:116,0
DA:122,1
DA:125,2
DA:126,1
DA:130,7
DA:131,7
DA:134,2
DA:135,2
DA:137,0
DA:141,1
DA:142,1
DA:145,4
DA:146,4
DA:147,4
DA:149,4
LF:72
LH:63
BRDA:58,0,0,1
BRDA:58,0,1,2
BRDA:103,1,0,5
BRDA:114,2,0,0
BRDA:114,2,1,0
BRDA:125,3,0,1
BRDA:125,3,1,1
BRF:7
BRH:5
end_of_record
TN:
SF:/home/ubuntu/spread-edge/back/src/database/index.js
FNF:0
FNH:0
DA:1,5
DA:3,5
LF:2
LH:2
BRF:0
BRH:0
end_of_record
TN:
SF:/home/ubuntu/spread-edge/back/src/database/model.js
FN:1,(anonymous_0)
FN:3,(anonymous_1)
FN:4,(anonymous_2)
FN:11,(anonymous_3)
FN:16,(anonymous_4)
FN:18,(anonymous_5)
FN:19,(anonymous_6)
FN:26,(anonymous_7)
FN:32,(anonymous_8)
FN:38,(anonymous_9)
FN:45,(anonymous_10)
FN:47,(anonymous_11)
FN:58,(anonymous_12)
FN:64,(anonymous_13)
FN:71,(anonymous_14)
FN:75,(anonymous_15)
FN:76,(anonymous_16)
FN:81,(anonymous_17)
FN:91,(anonymous_18)
FN:92,(anonymous_19)
FN:97,(anonymous_20)
FN:100,(anonymous_21)
FN:103,(anonymous_22)
FN:108,(anonymous_23)
FN:110,(anonymous_24)
FN:114,(anonymous_25)
FN:126,(anonymous_26)
FN:138,(anonymous_27)
FN:142,(anonymous_28)
FN:155,(anonymous_29)
FN:163,(anonymous_30)
FN:170,(anonymous_31)
FN:174,(anonymous_32)
FN:175,(anonymous_33)
FN:179,(anonymous_34)
FN:183,(anonymous_35)
FNF:36
FNH:31
FNDA:95,(anonymous_0)
FNDA:95,(anonymous_1)
FNDA:94,(anonymous_2)
FNDA:1,(anonymous_3)
FNDA:91,(anonymous_4)
FNDA:91,(anonymous_5)
FNDA:90,(anonymous_6)
FNDA:1,(anonymous_7)
FNDA:28,(anonymous_8)
FNDA:296,(anonymous_9)
FNDA:78,(anonymous_10)
FNDA:45,(anonymous_11)
FNDA:1,(anonymous_12)
FNDA:41,(anonymous_13)
FNDA:0,(anonymous_14)
FNDA:12,(anonymous_15)
FNDA:0,(anonymous_16)
FNDA:36,(anonymous_17)
FNDA:147,(anonymous_18)
FNDA:0,(anonymous_19)
FNDA:9,(anonymous_20)
FNDA:0,(anonymous_21)
FNDA:15,(anonymous_22)
FNDA:76,(anonymous_23)
FNDA:106,(anonymous_24)
FNDA:56,(anonymous_25)
FNDA:17,(anonymous_26)
FNDA:53,(anonymous_27)
FNDA:0,(anonymous_28)
FNDA:2,(anonymous_29)
FNDA:657,(anonymous_30)
FNDA:47,(anonymous_31)
FNDA:46,(anonymous_32)
FNDA:1,(anonymous_33)
FNDA:8,(anonymous_34)
FNDA:336,(anonymous_35)
DA:1,5
DA:2,95
DA:3,95
DA:4,95
DA:5,94
DA:6,1
DA:8,93
DA:12,1
DA:16,5
DA:17,91
DA:18,91
DA:19,91
DA:20,90
DA:21,1
DA:23,89
DA:27,1
DA:33,28
DA:34,28
DA:35,28
DA:36,28
DA:39,296
DA:40,5
DA:46,78
DA:47,77
DA:48,45
DA:49,44
DA:50,43
DA:52,1
DA:56,76
DA:57,48
DA:58,48
DA:59,1
DA:62,75
DA:65,41
DA:66,40
DA:67,40
DA:68,0
DA:70,40
DA:71,40
DA:72,0
DA:74,40
DA:76,12
DA:79,40
DA:82,36
DA:83,35
DA:88,35
DA:91,147
DA:93,0
DA:95,35
DA:98,9
DA:99,8
DA:100,8
DA:101,0
DA:103,8
DA:104,15
DA:106,8
DA:109,76
DA:110,75
DA:111,106
DA:115,56
DA:116,56
DA:117,56
DA:118,56
DA:119,56
DA:120,56
DA:121,55
DA:123,1
DA:125,55
DA:126,55
DA:127,17
DA:129,55
DA:130,54
DA:132,1
DA:139,53
DA:141,53
DA:142,53
DA:143,0
DA:145,53
DA:146,1
DA:150,52
DA:151,52
DA:154,1
DA:156,2
DA:159,1
DA:161,52
DA:164,657
DA:165,1
DA:171,47
DA:172,47
DA:173,47
DA:174,46
DA:176,1
DA:180,8
DA:181,8
DA:184,336
DA:185,335
DA:189,5
LF:97
LH:92
BRDA:2,0,0,42
BRDA:2,0,1,53
BRDA:5,1,0,1
BRDA:5,1,1,93
BRDA:17,2,0,1
BRDA:17,2,1,90
BRDA:20,3,0,1
BRDA:20,3,1,89
BRDA:39,4,0,5
BRDA:39,4,1,291
BRDA:45,5,0,31
BRDA:48,6,0,44
BRDA:48,6,1,1
BRDA:49,7,0,43
BRDA:49,7,1,1
BRDA:56,8,0,48
BRDA:56,8,1,28
BRDA:64,9,0,41
BRDA:67,10,0,0
BRDA:67,10,1,40
BRDA:114,11,0,37
BRDA:120,12,0,55
BRDA:120,12,1,1
BRDA:125,13,0,55
BRDA:125,13,1,0
BRDA:129,14,0,54
BRDA:129,14,1,1
BRDA:145,15,0,1
BRDA:145,15,1,52
BRDA:164,16,0,1
BRDA:164,16,1,656
BRF:31
BRH:29
end_of_record
TN:
SF:/home/ubuntu/spread-edge/back/src/device/device.js
FN:8,(anonymous_0)
FN:13,(anonymous_1)
FN:24,(anonymous_2)
FN:31,(anonymous_3)
FN:39,(anonymous_4)
FN:43,(anonymous_5)
FN:45,(anonymous_6)
FN:46,(anonymous_7)
FN:48,(anonymous_8)
FN:52,(anonymous_9)
FN:54,(anonymous_10)
FN:55,(anonymous_11)
FN:57,(anonymous_12)
FN:61,(anonymous_13)
FNF:14
FNH:12
FNDA:2,(anonymous_0)
FNDA:6,(anonymous_1)
FNDA:2,(anonymous_2)
FNDA:8,(anonymous_3)
FNDA:8,(anonymous_4)
FNDA:3,(anonymous_5)
FNDA:3,(anonymous_6)
FNDA:0,(anonymous_7)
FNDA:8,(anonymous_8)
FNDA:3,(anonymous_9)
FNDA:3,(anonymous_10)
FNDA:0,(anonymous_11)
FNDA:38,(anonymous_12)
FNDA:1,(anonymous_13)
DA:1,4
DA:2,4
DA:3,4
DA:4,4
DA:5,4
DA:9,2
DA:10,2
DA:11,2
DA:14,6
DA:15,6
DA:22,6
DA:25,2
DA:26,2
DA:27,2
DA:28,2
DA:29,2
DA:32,8
DA:33,8
DA:34,8
DA:35,8
DA:36,8
DA:37,8
DA:40,8
DA:41,8
DA:44,3
DA:45,3
DA:46,0
DA:49,8
DA:50,8
DA:53,3
DA:54,3
DA:55,0
DA:58,38
DA:59,38
DA:62,1
DA:63,1
DA:66,4
DA:67,4
DA:68,4
DA:70,4
LF:40
LH:38
BRF:0
BRH:0
end_of_record
TN:
SF:/home/ubuntu/spread-edge/back/src/device/ethernetip.js
FN:5,(anonymous_0)
FN:9,(anonymous_1)
FN:12,(anonymous_2)
FN:16,(anonymous_3)
FN:24,(anonymous_4)
FN:27,(anonymous_5)
FN:37,(anonymous_6)
FN:41,(anonymous_7)
FN:45,(anonymous_8)
FN:47,(anonymous_9)
FN:48,(anonymous_10)
FN:52,(anonymous_11)
FN:56,(anonymous_12)
FN:58,(anonymous_13)
FN:59,(anonymous_14)
FN:63,(anonymous_15)
FN:78,(anonymous_16)
FN:86,(anonymous_17)
FN:93,(anonymous_18)
FN:95,(anonymous_19)
FN:101,(anonymous_20)
FN:105,(anonymous_21)
FN:107,(anonymous_22)
FN:108,(anonymous_23)
FNF:24
FNH:16
FNDA:2,(anonymous_0)
FNDA:3,(anonymous_1)
FNDA:5,(anonymous_2)
FNDA:5,(anonymous_3)
FNDA:2,(anonymous_4)
FNDA:0,(anonymous_5)
FNDA:1,(anonymous_6)
FNDA:5,(anonymous_7)
FNDA:1,(anonymous_8)
FNDA:1,(anonymous_9)
FNDA:0,(anonymous_10)
FNDA:5,(anonymous_11)
FNDA:0,(anonymous_12)
FNDA:0,(anonymous_13)
FNDA:0,(anonymous_14)
FNDA:0,(anonymous_15)
FNDA:2,(anonymous_16)
FNDA:2,(anonymous_17)
FNDA:1,(anonymous_18)
FNDA:0,(anonymous_19)
FNDA:4,(anonymous_20)
FNDA:2,(anonymous_21)
FNDA:2,(anonymous_22)
FNDA:0,(anonymous_23)
DA:1,4
DA:2,4
DA:6,2
DA:7,2
DA:10,3
DA:13,5
DA:14,5
DA:17,5
DA:18,5
DA:19,5
DA:20,5
DA:21,5
DA:22,5
DA:25,2
DA:26,2
DA:27,2
DA:28,0
DA:30,2
DA:31,2
DA:33,0
DA:38,1
DA:39,1
DA:42,5
DA:43,5
DA:46,1
DA:47,1
DA:49,0
DA:53,5
DA:54,5
DA:57,0
DA:58,0
DA:60,0
DA:64,0
DA:65,0
DA:66,0
DA:67,0
DA:69,0
DA:73,4
DA:74,4
DA:75,4
DA:79,2
DA:84,2
DA:87,2
DA:88,2
DA:89,2
DA:90,2
DA:91,2
DA:94,1
DA:95,1
DA:96,0
DA:98,1
DA:102,4
DA:103,4
DA:106,2
DA:107,2
DA:108,0
DA:111,4
DA:112,4
DA:113,4
DA:115,4
LF:60
LH:47
BRDA:12,0,0,5
BRDA:25,1,0,2
BRDA:25,1,1,0
BRDA:30,2,0,2
BRDA:30,2,1,0
BRDA:64,3,0,0
BRDA:64,3,1,0
BRDA:66,4,0,0
BRDA:66,4,1,0
BRDA:94,5,0,1
BRDA:94,5,1,0
BRF:11
BRH:4
end_of_record
TN:
SF:/home/ubuntu/spread-edge/back/src/device/index.js
FNF:0
FNH:0
DA:1,4
DA:2,4
DA:3,4
DA:5,4
LF:4
LH:4
BRF:0
BRH:0
end_of_record
TN:
SF:/home/ubuntu/spread-edge/back/src/device/modbus.js
FN:5,(anonymous_0)
FN:9,(anonymous_1)
FN:12,(anonymous_2)
FN:17,(anonymous_3)
FN:22,(anonymous_4)
FN:34,(anonymous_5)
FN:39,(anonymous_6)
FN:49,(anonymous_7)
FN:50,(anonymous_8)
FN:51,(anonymous_9)
FN:54,(anonymous_10)
FN:59,(anonymous_11)
FN:63,(anonymous_12)
FN:73,(anonymous_13)
FN:75,(anonymous_14)
FN:76,(anonymous_15)
FN:80,(anonymous_16)
FN:84,(anonymous_17)
FN:86,(anonymous_18)
FN:87,(anonymous_19)
FN:91,(anonymous_20)
FN:95,(anonymous_21)
FN:97,(anonymous_22)
FN:100,(anonymous_23)
FN:104,(anonymous_24)
FN:108,(anonymous_25)
FN:110,(anonymous_26)
FN:111,(anonymous_27)
FN:115,(anonymous_28)
FN:119,(anonymous_29)
FN:121,(anonymous_30)
FN:122,(anonymous_31)
FN:126,(anonymous_32)
FN:130,(anonymous_33)
FN:132,(anonymous_34)
FN:133,(anonymous_35)
FN:137,(anonymous_36)
FN:152,(anonymous_37)
FN:161,(anonymous_38)
FN:168,(anonymous_39)
FN:201,(anonymous_40)
FN:205,(anonymous_41)
FN:209,(anonymous_42)
FN:217,(anonymous_43)
FN:225,(anonymous_44)
FN:230,(anonymous_45)
FN:234,(anonymous_46)
FN:245,(anonymous_47)
FN:249,(anonymous_48)
FN:253,(anonymous_49)
FN:258,(anonymous_50)
FN:266,(anonymous_51)
FN:272,(anonymous_52)
FN:276,(anonymous_53)
FN:278,(anonymous_54)
FN:279,(anonymous_55)
FN:281,(anonymous_56)
FN:285,(anonymous_57)
FN:287,(anonymous_58)
FN:288,(anonymous_59)
FNF:60
FNH:35
FNDA:2,(anonymous_0)
FNDA:3,(anonymous_1)
FNDA:0,(anonymous_2)
FNDA:7,(anonymous_3)
FNDA:7,(anonymous_4)
FNDA:2,(anonymous_5)
FNDA:1,(anonymous_6)
FNDA:2,(anonymous_7)
FNDA:2,(anonymous_8)
FNDA:1,(anonymous_9)
FNDA:1,(anonymous_10)
FNDA:7,(anonymous_11)
FNDA:0,(anonymous_12)
FNDA:2,(anonymous_13)
FNDA:2,(anonymous_14)
FNDA:0,(anonymous_15)
FNDA:7,(anonymous_16)
FNDA:2,(anonymous_17)
FNDA:2,(anonymous_18)
FNDA:0,(anonymous_19)
FNDA:5,(anonymous_20)
FNDA:2,(anonymous_21)
FNDA:2,(anonymous_22)
FNDA:0,(anonymous_23)
FNDA:3,(anonymous_24)
FNDA:1,(anonymous_25)
FNDA:1,(anonymous_26)
FNDA:0,(anonymous_27)
FNDA:3,(anonymous_28)
FNDA:1,(anonymous_29)
FNDA:1,(anonymous_30)
FNDA:0,(anonymous_31)
FNDA:1,(anonymous_32)
FNDA:0,(anonymous_33)
FNDA:0,(anonymous_34)
FNDA:0,(anonymous_35)
FNDA:3,(anonymous_36)
FNDA:2,(anonymous_37)
FNDA:4,(anonymous_38)
FNDA:0,(anonymous_39)
FNDA:0,(anonymous_40)
FNDA:0,(anonymous_41)
FNDA:0,(anonymous_42)
FNDA:0,(anonymous_43)
FNDA:0,(anonymous_44)
FNDA:0,(anonymous_45)
FNDA:0,(anonymous_46)
FNDA:0,(anonymous_47)
FNDA:0,(anonymous_48)
FNDA:0,(anonymous_49)
FNDA:0,(anonymous_50)
FNDA:0,(anonymous_51)
FNDA:4,(anonymous_52)
FNDA:2,(anonymous_53)
FNDA:2,(anonymous_54)
FNDA:0,(anonymous_55)
FNDA:4,(anonymous_56)
FNDA:2,(anonymous_57)
FNDA:2,(anonymous_58)
FNDA:0,(anonymous_59)
DA:1,4
DA:2,4
DA:6,2
DA:7,2
DA:10,3
DA:13,0
DA:14,0
DA:15,0
DA:18,7
DA:19,7
DA:20,7
DA:23,7
DA:24,7
DA:25,7
DA:26,7
DA:27,7
DA:28,7
DA:29,7
DA:30,7
DA:31,7
DA:32,7
DA:35,2
DA:36,2
DA:37,2
DA:40,1
DA:42,2
DA:43,1
DA:45,1
DA:50,2
DA:51,2
DA:52,1
DA:55,1
DA:57,1
DA:60,7
DA:61,7
DA:64,0
DA:65,0
DA:74,2
DA:75,2
DA:77,0
DA:81,7
DA:82,7
DA:85,2
DA:86,2
DA:88,0
DA:92,5
DA:93,5
DA:96,2
DA:98,2
DA:101,0
DA:105,3
DA:106,3
DA:109,1
DA:110,1
DA:112,0
DA:116,3
DA:117,3
DA:120,1
DA:121,1
DA:123,0
DA:127,1
DA:128,1
DA:131,0
DA:132,0
DA:134,0
DA:138,3
DA:139,1
DA:140,2
DA:141,1
DA:143,1
DA:147,4
DA:148,4
DA:149,4
DA:153,2
DA:159,2
DA:162,4
DA:163,4
DA:164,4
DA:165,4
DA:166,4
DA:169,0
DA:170,0
DA:171,0
DA:172,0
DA:173,0
DA:178,0
DA:183,0
DA:184,0
DA:185,0
DA:190,0
DA:195,0
DA:196,0
DA:197,0
DA:199,0
DA:202,0
DA:203,0
DA:204,0
DA:205,0
DA:206,0
DA:210,0
DA:211,0
DA:212,0
DA:214,0
DA:215,0
DA:218,0
DA:219,0
DA:222,0
DA:226,0
DA:228,0
DA:229,0
DA:230,0
DA:231,0
DA:235,0
DA:236,0
DA:237,0
DA:239,0
DA:240,0
DA:242,0
DA:246,0
DA:248,0
DA:249,0
DA:250,0
DA:254,0
DA:255,0
DA:256,0
DA:258,0
DA:259,0
DA:260,0
DA:262,0
DA:267,0
DA:273,4
DA:274,4
DA:277,2
DA:278,2
DA:279,0
DA:282,4
DA:283,4
DA:286,2
DA:287,2
DA:288,0
DA:291,4
DA:292,4
DA:293,4
DA:295,4
LF:144
LH:79
BRDA:17,0,0,7
BRDA:35,1,0,2
BRDA:35,1,1,0
BRDA:42,2,0,1
BRDA:42,2,1,1
BRDA:64,3,0,0
BRDA:64,3,1,0
BRDA:138,4,0,1
BRDA:138,4,1,2
BRDA:140,5,0,1
BRDA:140,5,1,1
BRDA:172,6,0,0
BRDA:172,6,1,0
BRDA:175,7,0,0
BRDA:175,7,1,0
BRDA:180,8,0,0
BRDA:180,8,1,0
BRDA:184,9,0,0
BRDA:184,9,1,0
BRDA:187,10,0,0
BRDA:187,10,1,0
BRDA:192,11,0,0
BRDA:192,11,1,0
BRDA:195,12,0,0
BRDA:195,12,1,0
BRDA:202,13,0,0
BRDA:202,13,1,0
BRDA:203,14,0,0
BRDA:203,14,1,0
BRDA:204,15,0,0
BRDA:204,15,1,0
BRDA:210,16,0,0
BRDA:210,16,1,0
BRDA:214,17,0,0
BRDA:214,17,1,0
BRDA:228,18,0,0
BRDA:228,18,1,0
BRDA:229,19,0,0
BRDA:229,19,1,0
BRDA:235,20,0,0
BRDA:235,20,1,0
BRDA:239,21,0,0
BRDA:239,21,1,0
BRDA:248,22,0,0
BRDA:248,22,1,0
BRDA:254,23,0,0
BRDA:254,23,1,0
BRF:47
BRH:8
end_of_record
TN:
SF:/home/ubuntu/spread-edge/back/src/device/simulator.js
FNF:0
FNH:0
LF:0
LH:0
BRF:0
BRH:0
end_of_record
TN:
SF:/home/ubuntu/spread-edge/back/src/resolvers/index.js
FNF:0
FNH:0
DA:1,1
DA:2,1
DA:4,1
LF:3
LH:3
BRF:0
BRH:0
end_of_record
TN:
SF:/home/ubuntu/spread-edge/back/src/resolvers/Mutation/auth.js
FN:3,login
FN:7,changePassword
FNF:2
FNH:2
FNDA:3,login
FNDA:1,changePassword
DA:1,1
DA:4,3
DA:8,1
DA:11,1
LF:4
LH:4
BRF:0
BRH:0
end_of_record
TN:
SF:/home/ubuntu/spread-edge/back/src/resolvers/Mutation/index.js
FNF:0
FNH:0
DA:1,1
DA:2,1
DA:3,1
DA:4,1
DA:6,1
LF:5
LH:5
BRF:0
BRH:0
end_of_record
TN:
SF:/home/ubuntu/spread-edge/back/src/resolvers/Mutation/tag.js
FN:3,createScanClass
FN:4,(anonymous_1)
FN:8,(anonymous_2)
FN:13,updateScanClass
FN:14,(anonymous_4)
FN:28,deleteScanClass
FN:29,(anonymous_6)
FN:40,createTag
FN:41,(anonymous_8)
FN:51,(anonymous_9)
FN:56,updateTag
FN:57,(anonymous_11)
FN:80,deleteTag
FN:81,(anonymous_13)
FNF:14
FNH:6
FNDA:1,createScanClass
FNDA:0,(anonymous_1)
FNDA:0,(anonymous_2)
FNDA:1,updateScanClass
FNDA:0,(anonymous_4)
FNDA:1,deleteScanClass
FNDA:0,(anonymous_6)
FNDA:1,createTag
FNDA:0,(anonymous_8)
FNDA:0,(anonymous_9)
FNDA:1,updateTag
FNDA:0,(anonymous_11)
FNDA:1,deleteTag
FNDA:0,(anonymous_13)
DA:1,1
DA:4,1
DA:5,0
DA:7,1
DA:8,1
DA:9,0
DA:14,1
DA:15,0
DA:17,1
DA:18,1
DA:19,1
DA:20,1
DA:22,1
DA:24,0
DA:29,1
DA:30,0
DA:32,1
DA:33,1
DA:34,1
DA:36,0
DA:41,1
DA:42,0
DA:44,1
DA:45,1
DA:52,0
DA:57,1
DA:58,0
DA:60,1
DA:61,1
DA:62,1
DA:63,1
DA:65,1
DA:66,1
DA:68,1
DA:69,1
DA:71,1
DA:72,1
DA:74,1
DA:76,0
DA:81,1
DA:82,0
DA:84,1
DA:85,1
DA:86,1
DA:88,0
DA:92,1
LF:46
LH:34
BRDA:18,0,0,1
BRDA:18,0,1,0
BRDA:19,1,0,1
BRDA:19,1,1,0
BRDA:33,2,0,1
BRDA:33,2,1,0
BRDA:61,3,0,1
BRDA:61,3,1,0
BRDA:62,4,0,1
BRDA:62,4,1,0
BRDA:65,5,0,1
BRDA:65,5,1,0
BRDA:68,6,0,1
BRDA:68,6,1,0
BRDA:71,7,0,1
BRDA:71,7,1,0
BRDA:85,8,0,1
BRDA:85,8,1,0
BRF:18
BRH:9
end_of_record
TN:
SF:/home/ubuntu/spread-edge/back/src/resolvers/Mutation/device/ethernetip.js
FN:9,createEthernetIP
FN:10,(anonymous_1)
FN:20,(anonymous_2)
FN:26,updateEthernetIP
FN:27,(anonymous_4)
FN:50,deleteEthernetIP
FN:51,(anonymous_6)
FN:62,createEthernetIPSource
FN:63,(anonymous_8)
FN:95,updateEthernetIPSource
FN:96,(anonymous_10)
FN:110,deleteEthernetIPSource
FN:111,(anonymous_12)
FNF:13
FNH:6
FNDA:1,createEthernetIP
FNDA:0,(anonymous_1)
FNDA:0,(anonymous_2)
FNDA:1,updateEthernetIP
FNDA:0,(anonymous_4)
FNDA:1,deleteEthernetIP
FNDA:0,(anonymous_6)
FNDA:1,createEthernetIPSource
FNDA:0,(anonymous_8)
FNDA:1,updateEthernetIPSource
FNDA:0,(anonymous_10)
FNDA:1,deleteEthernetIPSource
FNDA:0,(anonymous_12)
DA:7,1
DA:10,1
DA:11,0
DA:13,1
DA:14,1
DA:21,0
DA:23,1
DA:27,1
DA:28,0
DA:30,1
DA:31,1
DA:32,1
DA:33,1
DA:35,1
DA:36,1
DA:38,1
DA:39,1
DA:41,1
DA:42,0
DA:44,1
DA:46,0
DA:51,1
DA:52,0
DA:54,1
DA:55,1
DA:56,1
DA:58,0
DA:63,1
DA:64,0
DA:66,1
DA:67,1
DA:68,1
DA:69,1
DA:70,1
DA:71,1
DA:72,1
DA:76,1
DA:83,0
DA:86,0
DA:91,0
DA:96,1
DA:97,0
DA:99,1
DA:100,1
DA:101,1
DA:102,1
DA:104,1
DA:106,0
DA:111,1
DA:112,0
DA:114,1
DA:115,1
DA:116,1
DA:118,0
DA:122,1
LF:55
LH:40
BRDA:31,0,0,1
BRDA:31,0,1,0
BRDA:32,1,0,1
BRDA:32,1,1,0
BRDA:35,2,0,1
BRDA:35,2,1,0
BRDA:38,3,0,1
BRDA:38,3,1,0
BRDA:41,4,0,0
BRDA:41,4,1,1
BRDA:55,5,0,1
BRDA:55,5,1,0
BRDA:69,6,0,1
BRDA:69,6,1,0
BRDA:70,7,0,1
BRDA:70,7,1,0
BRDA:71,8,0,1
BRDA:71,8,1,0
BRDA:100,9,0,1
BRDA:100,9,1,0
BRDA:101,10,0,1
BRDA:101,10,1,0
BRDA:115,11,0,1
BRDA:115,11,1,0
BRF:24
BRH:12
end_of_record
TN:
SF:/home/ubuntu/spread-edge/back/src/resolvers/Mutation/device/index.js
FNF:0
FNH:0
DA:1,1
DA:2,1
DA:4,1
LF:3
LH:3
BRF:0
BRH:0
end_of_record
TN:
SF:/home/ubuntu/spread-edge/back/src/resolvers/Mutation/device/modbus.js
FN:9,createModbus
FN:10,(anonymous_1)
FN:23,(anonymous_2)
FN:29,updateModbus
FN:30,(anonymous_4)
FN:62,deleteModbus
FN:63,(anonymous_6)
FN:74,createModbusSource
FN:75,(anonymous_8)
FN:94,(anonymous_9)
FN:108,updateModbusSource
FN:109,(anonymous_11)
FN:126,deleteModbusSource
FN:127,(anonymous_13)
FNF:14
FNH:6
FNDA:1,createModbus
FNDA:0,(anonymous_1)
FNDA:0,(anonymous_2)
FNDA:1,updateModbus
FNDA:0,(anonymous_4)
FNDA:1,deleteModbus
FNDA:0,(anonymous_6)
FNDA:1,createModbusSource
FNDA:0,(anonymous_8)
FNDA:0,(anonymous_9)
FNDA:1,updateModbusSource
FNDA:0,(anonymous_11)
FNDA:1,deleteModbusSource
FNDA:0,(anonymous_13)
DA:7,1
DA:10,1
DA:11,0
DA:13,1
DA:14,1
DA:24,0
DA:26,1
DA:30,1
DA:31,0
DA:33,1
DA:34,1
DA:35,1
DA:36,1
DA:38,1
DA:39,1
DA:41,1
DA:42,1
DA:44,1
DA:45,1
DA:47,1
DA:48,1
DA:50,1
DA:51,0
DA:53,1
DA:54,1
DA:56,1
DA:58,0
DA:63,1
DA:64,0
DA:66,1
DA:67,1
DA:68,1
DA:70,0
DA:75,1
DA:76,0
DA:78,1
DA:79,1
DA:80,1
DA:81,1
DA:82,1
DA:83,1
DA:84,1
DA:88,1
DA:95,0
DA:98,0
DA:101,0
DA:104,0
DA:109,1
DA:110,0
DA:112,1
DA:113,1
DA:114,1
DA:115,1
DA:117,1
DA:118,1
DA:120,1
DA:122,0
DA:127,1
DA:128,0
DA:130,1
DA:131,1
DA:132,1
DA:134,0
DA:138,1
LF:64
LH:48
BRDA:34,0,0,1
BRDA:34,0,1,0
BRDA:35,1,0,1
BRDA:35,1,1,0
BRDA:38,2,0,1
BRDA:38,2,1,0
BRDA:41,3,0,1
BRDA:41,3,1,0
BRDA:44,4,0,1
BRDA:44,4,1,0
BRDA:47,5,0,1
BRDA:47,5,1,0
BRDA:50,6,0,0
BRDA:50,6,1,1
BRDA:53,7,0,1
BRDA:53,7,1,0
BRDA:67,8,0,1
BRDA:67,8,1,0
BRDA:81,9,0,1
BRDA:81,9,1,0
BRDA:82,10,0,1
BRDA:82,10,1,0
BRDA:83,11,0,1
BRDA:83,11,1,0
BRDA:113,12,0,1
BRDA:113,12,1,0
BRDA:114,13,0,1
BRDA:114,13,1,0
BRDA:117,14,0,1
BRDA:117,14,1,0
BRDA:131,15,0,1
BRDA:131,15,1,0
BRF:32
BRH:16
end_of_record
TN:
SF:/home/ubuntu/spread-edge/back/src/resolvers/Mutation/service/index.js
FNF:0
FNH:0
DA:1,1
DA:3,1
LF:2
LH:2
BRF:0
BRH:0
end_of_record
TN:
SF:/home/ubuntu/spread-edge/back/src/resolvers/Mutation/service/mqtt.js
FN:3,createMqtt
FN:4,(anonymous_1)
FN:24,updateMqtt
FN:25,(anonymous_3)
FN:66,deleteMqtt
FN:67,(anonymous_5)
FNF:6
FNH:3
FNDA:1,createMqtt
FNDA:0,(anonymous_1)
FNDA:1,updateMqtt
FNDA:0,(anonymous_3)
FNDA:1,deleteMqtt
FNDA:0,(anonymous_5)
DA:1,1
DA:4,1
DA:5,0
DA:7,1
DA:8,1
DA:21,1
DA:25,1
DA:26,0
DA:28,1
DA:29,1
DA:30,1
DA:31,1
DA:33,1
DA:34,1
DA:36,1
DA:37,1
DA:39,1
DA:40,1
DA:42,1
DA:43,1
DA:45,1
DA:46,1
DA:48,1
DA:49,1
DA:51,1
DA:52,1
DA:54,1
DA:55,0
DA:57,1
DA:58,1
DA:60,1
DA:62,0
DA:67,1
DA:68,0
DA:70,1
DA:71,1
DA:72,1
DA:74,0
DA:78,1
LF:39
LH:33
BRDA:29,0,0,1
BRDA:29,0,1,0
BRDA:30,1,0,1
BRDA:30,1,1,0
BRDA:33,2,0,1
BRDA:33,2,1,0
BRDA:36,3,0,1
BRDA:36,3,1,0
BRDA:39,4,0,1
BRDA:39,4,1,0
BRDA:42,5,0,1
BRDA:42,5,1,0
BRDA:45,6,0,1
BRDA:45,6,1,0
BRDA:48,7,0,1
BRDA:48,7,1,0
BRDA:51,8,0,1
BRDA:51,8,1,0
BRDA:54,9,0,0
BRDA:54,9,1,1
BRDA:57,10,0,1
BRDA:57,10,1,0
BRDA:71,11,0,1
BRDA:71,11,1,0
BRF:24
BRH:12
end_of_record
TN:
SF:/home/ubuntu/spread-edge/back/src/resolvers/Query/device.js
FN:3,devices
FN:4,(anonymous_1)
FNF:2
FNH:2
FNDA:2,devices
FNDA:1,(anonymous_1)
DA:1,1
DA:4,2
DA:5,1
DA:7,1
DA:10,1
LF:5
LH:5
BRF:0
BRH:0
end_of_record
TN:
SF:/home/ubuntu/spread-edge/back/src/resolvers/Query/index.js
FNF:0
FNH:0
DA:1,1
DA:2,1
DA:3,1
DA:5,1
LF:4
LH:4
BRF:0
BRH:0
end_of_record
TN:
SF:/home/ubuntu/spread-edge/back/src/resolvers/Query/service.js
FN:3,services
FN:4,(anonymous_1)
FNF:2
FNH:2
FNDA:2,services
FNDA:1,(anonymous_1)
DA:1,1
DA:4,2
DA:5,1
DA:7,1
DA:10,1
LF:5
LH:5
BRF:0
BRH:0
end_of_record
TN:
SF:/home/ubuntu/spread-edge/back/src/resolvers/Query/tag.js
FN:3,tags
FN:4,(anonymous_1)
FN:10,scanClasses
FN:11,(anonymous_3)
FNF:4
FNH:4
FNDA:2,tags
FNDA:1,(anonymous_1)
FNDA:2,scanClasses
FNDA:1,(anonymous_3)
DA:1,1
DA:4,2
DA:5,1
DA:7,1
DA:11,2
DA:12,1
DA:14,1
DA:17,1
LF:8
LH:8
BRF:0
BRH:0
end_of_record
TN:
SF:/home/ubuntu/spread-edge/back/src/service/index.js
FNF:0
FNH:0
DA:1,4
DA:2,4
DA:4,4
LF:3
LH:3
BRF:0
BRH:0
end_of_record
TN:
SF:/home/ubuntu/spread-edge/back/src/service/mqtt.js
FN:6,(anonymous_0)
FN:10,(anonymous_1)
FN:13,(anonymous_2)
FN:24,(anonymous_3)
FN:54,(anonymous_4)
FN:60,(anonymous_5)
FN:63,(anonymous_6)
FN:72,(anonymous_7)
FN:73,(anonymous_8)
FN:76,(anonymous_9)
FN:89,(anonymous_10)
FN:95,(anonymous_11)
FN:102,(anonymous_12)
FN:106,(anonymous_13)
FN:108,(anonymous_14)
FN:109,(anonymous_15)
FN:113,(anonymous_16)
FN:117,(anonymous_17)
FN:119,(anonymous_18)
FN:120,(anonymous_19)
FN:124,(anonymous_20)
FN:128,(anonymous_21)
FN:130,(anonymous_22)
FN:131,(anonymous_23)
FN:135,(anonymous_24)
FN:139,(anonymous_25)
FN:141,(anonymous_26)
FN:142,(anonymous_27)
FN:146,(anonymous_28)
FN:150,(anonymous_29)
FN:152,(anonymous_30)
FN:153,(anonymous_31)
FN:157,(anonymous_32)
FN:161,(anonymous_33)
FN:163,(anonymous_34)
FN:164,(anonymous_35)
FN:168,(anonymous_36)
FN:172,(anonymous_37)
FN:174,(anonymous_38)
FN:175,(anonymous_39)
FN:186,(anonymous_40)
FN:193,(anonymous_41)
FN:196,(anonymous_42)
FN:199,(anonymous_43)
FN:202,(anonymous_44)
FNF:45
FNH:27
FNDA:1,(anonymous_0)
FNDA:1,(anonymous_1)
FNDA:1,(anonymous_2)
FNDA:0,(anonymous_3)
FNDA:0,(anonymous_4)
FNDA:0,(anonymous_5)
FNDA:0,(anonymous_6)
FNDA:0,(anonymous_7)
FNDA:0,(anonymous_8)
FNDA:0,(anonymous_9)
FNDA:0,(anonymous_10)
FNDA:0,(anonymous_11)
FNDA:2,(anonymous_12)
FNDA:1,(anonymous_13)
FNDA:1,(anonymous_14)
FNDA:0,(anonymous_15)
FNDA:2,(anonymous_16)
FNDA:1,(anonymous_17)
FNDA:1,(anonymous_18)
FNDA:0,(anonymous_19)
FNDA:2,(anonymous_20)
FNDA:1,(anonymous_21)
FNDA:1,(anonymous_22)
FNDA:0,(anonymous_23)
FNDA:2,(anonymous_24)
FNDA:1,(anonymous_25)
FNDA:1,(anonymous_26)
FNDA:0,(anonymous_27)
FNDA:2,(anonymous_28)
FNDA:1,(anonymous_29)
FNDA:1,(anonymous_30)
FNDA:0,(anonymous_31)
FNDA:2,(anonymous_32)
FNDA:1,(anonymous_33)
FNDA:1,(anonymous_34)
FNDA:0,(anonymous_35)
FNDA:2,(anonymous_36)
FNDA:1,(anonymous_37)
FNDA:1,(anonymous_38)
FNDA:0,(anonymous_39)
FNDA:1,(anonymous_40)
FNDA:0,(anonymous_41)
FNDA:0,(anonymous_42)
FNDA:1,(anonymous_43)
FNDA:1,(anonymous_44)
DA:1,4
DA:2,4
DA:3,4
DA:7,1
DA:8,1
DA:11,1
DA:14,1
DA:15,1
DA:16,1
DA:17,1
DA:18,1
DA:19,1
DA:20,1
DA:21,1
DA:22,1
DA:25,0
DA:26,0
DA:36,0
DA:54,0
DA:55,0
DA:59,0
DA:60,0
DA:61,0
DA:64,0
DA:72,0
DA:73,0
DA:74,0
DA:77,0
DA:90,0
DA:91,0
DA:92,0
DA:95,0
DA:96,0
DA:98,0
DA:99,0
DA:103,2
DA:104,2
DA:107,1
DA:108,1
DA:110,0
DA:114,2
DA:115,2
DA:118,1
DA:119,1
DA:121,0
DA:125,2
DA:126,2
DA:129,1
DA:130,1
DA:132,0
DA:136,2
DA:137,2
DA:140,1
DA:141,1
DA:143,0
DA:147,2
DA:148,2
DA:151,1
DA:152,1
DA:154,0
DA:158,2
DA:159,2
DA:162,1
DA:163,1
DA:165,0
DA:169,2
DA:170,2
DA:173,1
DA:174,1
DA:176,0
DA:180,4
DA:181,4
DA:182,4
DA:183,4
DA:187,1
DA:191,1
DA:194,0
DA:197,0
DA:200,1
DA:203,1
DA:204,1
DA:205,1
DA:208,4
DA:209,4
DA:210,4
DA:211,4
DA:213,4
LF:87
LH:58
BRDA:25,0,0,0
BRDA:25,0,1,0
BRDA:90,1,0,0
BRDA:90,1,1,0
BRDA:199,2,0,1
BRF:5
BRH:1
end_of_record
TN:
SF:/home/ubuntu/spread-edge/back/src/service/service.js
FN:7,(anonymous_0)
FN:11,(anonymous_1)
FN:22,(anonymous_2)
FN:27,(anonymous_3)
FN:30,(anonymous_4)
FN:33,(anonymous_5)
FN:41,(anonymous_6)
FN:47,(anonymous_7)
FN:50,(anonymous_8)
FN:54,(anonymous_9)
FN:56,(anonymous_10)
FN:57,(anonymous_11)
FN:61,(anonymous_12)
FN:65,(anonymous_13)
FN:67,(anonymous_14)
FN:68,(anonymous_15)
FN:72,(anonymous_16)
FN:76,(anonymous_17)
FNF:18
FNH:14
FNDA:1,(anonymous_0)
FNDA:1,(anonymous_1)
FNDA:1,(anonymous_2)
FNDA:3,(anonymous_3)
FNDA:1,(anonymous_4)
FNDA:1,(anonymous_5)
FNDA:0,(anonymous_6)
FNDA:1,(anonymous_7)
FNDA:2,(anonymous_8)
FNDA:1,(anonymous_9)
FNDA:1,(anonymous_10)
FNDA:0,(anonymous_11)
FNDA:2,(anonymous_12)
FNDA:1,(anonymous_13)
FNDA:1,(anonymous_14)
FNDA:0,(anonymous_15)
FNDA:22,(anonymous_16)
FNDA:0,(anonymous_17)
DA:1,4
DA:2,4
DA:3,4
DA:4,4
DA:8,1
DA:9,1
DA:12,1
DA:13,1
DA:20,1
DA:23,1
DA:24,1
DA:25,1
DA:28,3
DA:31,1
DA:34,1
DA:35,1
DA:36,1
DA:37,1
DA:38,1
DA:39,1
DA:40,1
DA:41,1
DA:42,0
DA:44,1
DA:48,1
DA:51,2
DA:52,2
DA:55,1
DA:56,1
DA:58,0
DA:62,2
DA:63,2
DA:66,1
DA:67,1
DA:69,0
DA:73,22
DA:74,22
DA:77,0
DA:78,0
DA:81,4
DA:82,4
DA:83,4
DA:84,4
DA:86,4
LF:44
LH:39
BRDA:30,0,0,1
BRDA:40,1,0,1
BRDA:40,1,1,0
BRDA:44,2,0,0
BRDA:44,2,1,1
BRF:5
BRH:3
end_of_record
